
Welcome to TOPAS, Tool for Particle Simulation (Version 3.9)
Loading parameters starting from: mainTopas.txt

Geant4 Data directory has been specified by the
TOPAS_G4_DATA_DIR environment variable as /wynton/home/ramos-mendez/tmasilela/software/GEANT4/G4DATA

**************************************************************
 Geant4 version Name: geant4-10-07-patch-03 [MT]   (19-November-2021)
  << in Multi-threaded mode >> 
                       Copyright : Geant4 Collaboration
                      References : NIM A 506 (2003), 250-303
                                 : IEEE-TNS 53 (2006), 270-278
                                 : NIM A 835 (2016), 186-225
                             WWW : http://geant4.org/
**************************************************************

TOPAS is in MT mode, setting number of threads to: 10

TOPAS set the tolerances based on the World size to:
      Surface tolerance = 0.001 nm, and radial tolerance = 0.001 nm.
Checking overlaps for volume Target (G4Box) ... OK! 

Checking for Unused Components.
These are Components that were never built even though they were at least
partially defined in some parameters. This is not necessarily an error.
It may be an intentional choice to have these Component definitions handy for later use.
To turn off this check, set Ge/CheckForUnusedComponents to False
  No unused components were found.

Default
-- Branching ratio: All ionization states probability 1
-- Branching ratio: A1B1 Dissociative decay probability 0.65
-- Branching ratio: A1B1 Relaxation probability 0.35
-- Branching ratio: B1A1 Auto-ionization probability 0.55
-- Branching ratio: B1A1 Dissociative decay probability 0.15
-- Branching ratio: B1A1 Relaxation probability 0.3
-- Branching ratio: Rydberg states and diffuse bands auto-ionization probability 0.5
-- Branching ratio: Rydberg states and diffuse bands relaxation probability 0.5
-- Branching ratio: dissociative attachment probability 1
Solvation model selected: 3
   1. Ritchie.
   2. Terrisol.
   3. Meesungnoen.
   4. Kreipl.
   5. Meesugnoen solid.
-- Diffusion coefficient for molecule: H used the value 7e-09 (m2/s) 
-- Diffusion coefficient for molecule: H2 used the value 4.8e-09 (m2/s) 
-- Diffusion coefficient for molecule: H2O2 used the value 2.3e-09 (m2/s) 
-- Diffusion coefficient for molecule: H3Op used the value 9.46018e-09 (m2/s) 
-- Diffusion coefficient for molecule: OH used the value 2.2e-09 (m2/s) 
-- Diffusion coefficient for molecule: OHm used the value 5.30329e-09 (m2/s) 
-- Diffusion coefficient for molecule: Product used the value 0 (m2/s) 
-- Diffusion coefficient for molecule: e_aq used the value 4.90022e-09 (m2/s) 

### TsEmDNAPhysics Construct Processes 
Ts Rudd ionisation model is constructed 
 Re-set reaction kobs to : 5.03e+09/M/s
 Re-set reaction kobs to : 1.1031e+11/M/s
 Re-set reaction kobs to : 1.438e+10/M/s
 Re-set reaction kobs to : 4.75e+09/M/s
 Re-set reaction kobs to : 2.652e+10/M/s
 Re-set reaction kobs to : 1.405e+10/M/s
 Re-set reaction kobs to : 2.109e+10/M/s
 Re-set reaction kobs to : 2.953e+10/M/s
 Re-set reaction kobs to : 6.47e+09/M/s
Visualization verbosity changed to quiet (0)

### ===  Deexcitation model UAtomDeexcitation is activated for 1 region:
          DefaultRegionForTheWorld  1  1  0
### ===  Auger cascade flag: 1
### ===  Ignore cuts flag:   1
Rudd ionisation model is initialized 
Energy range: 0 eV - 1e+06 keV for proton

phot:  for gamma SubType=12 BuildTable=0
      LambdaPrime table from 200 keV to 500 MeV in 25 bins 
      ===== EM models for the G4Region  DefaultRegionForTheWorld ======
 LivermorePhElectric : Emin=    0 eV  Emax=  500 MeV  SauterGavrila Fluo

compt:  for gamma SubType=13 BuildTable=1
      Lambda table from 100 eV  to 1 MeV, 7 bins/decade, spline: 1
      LambdaPrime table from 1 MeV to 500 MeV in 20 bins 
      ===== EM models for the G4Region  DefaultRegionForTheWorld ======
    LivermoreCompton : Emin=    0 eV  Emax=  500 MeV Fluo

conv:  for gamma SubType=14 BuildTable=1
      Lambda table from 1.022 MeV to 500 MeV, 33 bins/decade, spline: 1
      ===== EM models for the G4Region  DefaultRegionForTheWorld ======
 LivermoreConversion : Emin=    0 eV  Emax=  500 MeV  ModifiedTsai

Rayl:  for gamma SubType=11 BuildTable=1
      Lambda table from 100 eV  to 100 keV, 7 bins/decade, spline: 0
      LambdaPrime table from 100 keV to 500 MeV in 27 bins 
      ===== EM models for the G4Region  DefaultRegionForTheWorld ======
   LivermoreRayleigh : Emin=    0 eV  Emax=  500 MeV  CullenGenerator

e-_G4DNAElastic:  for e- SubType=51 BuildTable=0
      ===== EM models for the G4Region  DefaultRegionForTheWorld ======
DNAELSEPAElasticModel : Emin=    0 eV  Emax=    1 MeV

e-_G4DNAExcitation:  for e- SubType=52 BuildTable=0
      ===== EM models for the G4Region  DefaultRegionForTheWorld ======
DNABornExcitationModel : Emin=    0 eV  Emax=    1 MeV

e-_G4DNAIonisation:  for e- SubType=53 BuildTable=0
      ===== EM models for the G4Region  DefaultRegionForTheWorld ======
DNABornIonisationModel : Emin=    0 eV  Emax=    1 MeV  deltaBorn Fluo

e-_G4DNAElectronSolvation:  for e- SubType=58 BuildTable=0
      ===== EM models for the G4Region  DefaultRegionForTheWorld ======
DNAOneStepThermalizationModel_Meesungnoen2002 : Emin=    0 eV  Emax=   10 eV 

e-_G4DNAVibExcitation:  for e- SubType=54 BuildTable=0
      ===== EM models for the G4Region  DefaultRegionForTheWorld ======
DNASancheExcitationModel : Emin=    0 eV  Emax=  100 eV 

e-_G4DNAAttachment:  for e- SubType=55 BuildTable=0
      ===== EM models for the G4Region  DefaultRegionForTheWorld ======
DNAMeltonAttachmentModel : Emin=    0 eV  Emax=   13 eV 

msc:  for e+  SubType= 10
      ===== EM models for the G4Region  DefaultRegionForTheWorld ======
            UrbanMsc : Emin=    0 eV  Emax=  500 MeV Nbins=49 100 eV  - 500 MeV
              StepLim=DistanceToBoundary Rfact=0.04 Gfact=2.5 Sfact=0.6 DispFlag:1 Skin=1 Llimit=1

eIoni:  for e+  SubType=2
      dE/dx and range tables from 100 eV  to 500 MeV in 49 bins
      Lambda tables from threshold to 500 MeV, 7 bins/decade, spline: 1
      StepFunction=(0.2, 1 mm), integ: 1, fluct: 1, linLossLim= 0.01
      ===== EM models for the G4Region  DefaultRegionForTheWorld ======
        MollerBhabha : Emin=    0 eV  Emax=  500 MeV

eBrem:  for e+  SubType=3
      dE/dx and range tables from 100 eV  to 500 MeV in 49 bins
      Lambda tables from threshold to 500 MeV, 7 bins/decade, spline: 1
      LPM flag: 1 for E > 0.5 GeV,  VertexHighEnergyTh(GeV)= 100000
      ===== EM models for the G4Region  DefaultRegionForTheWorld ======
             eBremSB : Emin=    0 eV  Emax=  500 MeV  ModifiedTsai

annihil:  for e+, integral:1  SubType=5 BuildTable=0
      ===== EM models for the G4Region  DefaultRegionForTheWorld ======
            eplus2gg : Emin=    0 eV  Emax=  500 MeV

proton_G4DNAElastic:  for proton SubType=51 BuildTable=0
      ===== EM models for the G4Region  DefaultRegionForTheWorld ======
  DNAIonElasticModel : Emin=    0 eV  Emax=    1 MeV

proton_G4DNAExcitation:  for proton SubType=52 BuildTable=0
      ===== EM models for the G4Region  DefaultRegionForTheWorld ======
DNAMillerGreenExcitationModel : Emin=    0 eV  Emax=  500 keV
DNABornExcitationModel : Emin=  500 keV Emax=  100 MeV

proton_G4DNAIonisation:  for proton SubType=53 BuildTable=0
      ===== EM models for the G4Region  DefaultRegionForTheWorld ======
DNARuddIonisationExtendedModel : Emin=    0 eV  Emax=  500 keV  deltaRudd Fluo
DNABornIonisationModel : Emin=  500 keV Emax=  100 MeV  deltaBorn Fluo
DNARuddIonisationExtendedModel : Emin=  100 MeV Emax=  500 MeV  deltaRudd Fluo

proton_G4DNAChargeDecrease:  for proton SubType=56 BuildTable=0
      ===== EM models for the G4Region  DefaultRegionForTheWorld ======
DNADingfelderChargeDecreaseModel : Emin=    0 eV  Emax=  100 MeV

GenericIon_G4DNAIonisation:  for GenericIon SubType=53 BuildTable=0
      ===== EM models for the G4Region  DefaultRegionForTheWorld ======
DNARuddIonisationExtendedModel : Emin=    0 eV  Emax=  500 MeV  deltaRudd Fluo

alpha_G4DNAElastic:  for alpha SubType=51 BuildTable=0
      ===== EM models for the G4Region  DefaultRegionForTheWorld ======
  DNAIonElasticModel : Emin=    0 eV  Emax=    1 MeV

alpha_G4DNAExcitation:  for alpha SubType=52 BuildTable=0
      ===== EM models for the G4Region  DefaultRegionForTheWorld ======
DNAMillerGreenExcitationModel : Emin=    0 eV  Emax=  400 MeV

alpha_G4DNAIonisation:  for alpha SubType=53 BuildTable=0
      ===== EM models for the G4Region  DefaultRegionForTheWorld ======
DNARuddIonisationExtendedModel : Emin=    0 eV  Emax=  500 MeV  deltaRudd Fluo

alpha_G4DNAChargeDecrease:  for alpha SubType=56 BuildTable=0
      ===== EM models for the G4Region  DefaultRegionForTheWorld ======
DNADingfelderChargeDecreaseModel : Emin=    0 eV  Emax=  400 MeV

alpha+_G4DNAElastic:  for alpha+ SubType=51 BuildTable=0
      ===== EM models for the G4Region  DefaultRegionForTheWorld ======
  DNAIonElasticModel : Emin=    0 eV  Emax=    1 MeV

alpha+_G4DNAExcitation:  for alpha+ SubType=52 BuildTable=0
      ===== EM models for the G4Region  DefaultRegionForTheWorld ======
DNAMillerGreenExcitationModel : Emin=    0 eV  Emax=  400 MeV

alpha+_G4DNAIonisation:  for alpha+ SubType=53 BuildTable=0
      ===== EM models for the G4Region  DefaultRegionForTheWorld ======
DNARuddIonisationExtendedModel : Emin=    0 eV  Emax=  500 MeV  deltaRudd Fluo

alpha+_G4DNAChargeDecrease:  for alpha+ SubType=56 BuildTable=0
      ===== EM models for the G4Region  DefaultRegionForTheWorld ======
DNADingfelderChargeDecreaseModel : Emin=    0 eV  Emax=  400 MeV

alpha+_G4DNAChargeIncrease:  for alpha+ SubType=57 BuildTable=0
      ===== EM models for the G4Region  DefaultRegionForTheWorld ======
DNADingfelderChargeIncreaseModel : Emin=    0 eV  Emax=  400 MeV

helium_G4DNAElastic:  for helium SubType=51 BuildTable=0
      ===== EM models for the G4Region  DefaultRegionForTheWorld ======
  DNAIonElasticModel : Emin=    0 eV  Emax=    1 MeV

helium_G4DNAExcitation:  for helium SubType=52 BuildTable=0
      ===== EM models for the G4Region  DefaultRegionForTheWorld ======
DNAMillerGreenExcitationModel : Emin=    0 eV  Emax=  400 MeV

helium_G4DNAIonisation:  for helium SubType=53 BuildTable=0
      ===== EM models for the G4Region  DefaultRegionForTheWorld ======
DNARuddIonisationExtendedModel : Emin=    0 eV  Emax=  500 MeV  deltaRudd Fluo

helium_G4DNAChargeIncrease:  for helium SubType=57 BuildTable=0
      ===== EM models for the G4Region  DefaultRegionForTheWorld ======
DNADingfelderChargeIncreaseModel : Emin=    0 eV  Emax=  400 MeV

hydrogen_G4DNAElastic:  for hydrogen SubType=51 BuildTable=0
      ===== EM models for the G4Region  DefaultRegionForTheWorld ======
  DNAIonElasticModel : Emin=    0 eV  Emax=    1 MeV

hydrogen_G4DNAExcitation:  for hydrogen SubType=52 BuildTable=0
      ===== EM models for the G4Region  DefaultRegionForTheWorld ======
DNAMillerGreenExcitationModel : Emin=    0 eV  Emax=  500 keV

hydrogen_G4DNAIonisation:  for hydrogen SubType=53 BuildTable=0
      ===== EM models for the G4Region  DefaultRegionForTheWorld ======
DNARuddIonisationExtendedModel : Emin=    0 eV  Emax=  500 MeV  deltaRudd Fluo

hydrogen_G4DNAChargeIncrease:  for hydrogen SubType=57 BuildTable=0
      ===== EM models for the G4Region  DefaultRegionForTheWorld ======
DNADingfelderChargeIncreaseModel : Emin=    0 eV  Emax=  100 MeV

=======================================================================
--> G4MTRunManager::CreateAndStartWorkers() --> Initializing workers...
=======================================================================

G4WT0 > Begin processing for Run: 0, History: 3
G4WT5 > Begin processing for Run: 0, History: 0
G4WT7 > Begin processing for Run: 0, History: 6
G4WT2 > Begin processing for Run: 0, History: 9
G4WT9 > Begin processing for Run: 0, History: 15
G4WT6 > Begin processing for Run: 0, History: 27
G4WT4 > Begin processing for Run: 0, History: 21
G4WT1 > Begin processing for Run: 0, History: 18
G4WT8 > Begin processing for Run: 0, History: 24
G4WT3 > Begin processing for Run: 0, History: 12
 -- Aborting event 24
 -- Killing primary track of event 9
 -- Aborting event 0
 -- Killing primary track of event 15
 -- Killing primary track of event 3
 -- Killing primary track of event 18
 -- Killing primary track of event 12
 -- Killing primary track of event 21
 -- Aborting event 6
 -- Aborting event 27
G4WT8 > Begin processing for Run: 0, History: 25
 -- Killing primary track of event 25
G4WT5 > Begin processing for Run: 0, History: 1
 -- Aborting event 1
G4WT7 > Begin processing for Run: 0, History: 7
 -- Aborting event 7
G4WT6 > Begin processing for Run: 0, History: 28
 -- Killing primary track of event 28
G4WT5 > Begin processing for Run: 0, History: 2
 -- Killing primary track of event 2
G4WT7 > Begin processing for Run: 0, History: 8
 -- Aborting event 8
G4WT7 > Begin processing for Run: 0, History: 30
 -- Aborting event 30
G4WT7 > Begin processing for Run: 0, History: 31
 -- Aborting event 31
G4WT7 > Begin processing for Run: 0, History: 32
 -- Killing primary track of event 32
G4WT4 > Begin processing for Run: 0, History: 22
 -- Killing primary track of event 22
G4WT0 > Begin processing for Run: 0, History: 4
 -- Aborting event 4
G4WT0 > Begin processing for Run: 0, History: 5
 -- Aborting event 5
G4WT0 > Begin processing for Run: 0, History: 33
 -- Aborting event 33
G4WT0 > Begin processing for Run: 0, History: 34
 -- Killing primary track of event 34
G4WT5 > Begin processing for Run: 0, History: 36
 -- Aborting event 36
G4WT5 > Begin processing for Run: 0, History: 37
 -- Killing primary track of event 37
G4WT9 > Begin processing for Run: 0, History: 16
 -- Aborting event 16
G4WT9 > Begin processing for Run: 0, History: 17
 -- Killing primary track of event 17
G4WT2 > Begin processing for Run: 0, History: 10
 -- Killing primary track of event 10
G4WT1 > Begin processing for Run: 0, History: 19
 -- Killing primary track of event 19
G4WT8 > Begin processing for Run: 0, History: 26
 -- Aborting event 26
G4WT8 > Begin processing for Run: 0, History: 39
 -- Killing primary track of event 39
G4WT7 > Begin processing for Run: 0, History: 42
 -- Killing primary track of event 42
G4WT6 > Begin processing for Run: 0, History: 29
 -- Aborting event 29
G4WT6 > Begin processing for Run: 0, History: 45
 -- Aborting event 45
G4WT6 > Begin processing for Run: 0, History: 46
 -- Aborting event 46
G4WT6 > Begin processing for Run: 0, History: 47
 -- Aborting event 47
G4WT3 > Begin processing for Run: 0, History: 13
 -- Killing primary track of event 13
G4WT6 > Begin processing for Run: 0, History: 48
 -- Aborting event 48
G4WT6 > Begin processing for Run: 0, History: 49
 -- Killing primary track of event 49
G4WT4 > Begin processing for Run: 0, History: 23
 -- Aborting event 23
G4WT4 > Begin processing for Run: 0, History: 51
 -- Aborting event 51
G4WT4 > Begin processing for Run: 0, History: 52
 -- Killing primary track of event 52
G4WT2 > Begin processing for Run: 0, History: 11
 -- Aborting event 11
G4WT2 > Begin processing for Run: 0, History: 54
 -- Aborting event 54
G4WT2 > Begin processing for Run: 0, History: 55
 -- Aborting event 55
G4WT2 > Begin processing for Run: 0, History: 56
 -- Killing primary track of event 56
G4WT0 > Begin processing for Run: 0, History: 35
 -- Aborting event 35
G4WT0 > Begin processing for Run: 0, History: 57
 -- Aborting event 57
G4WT0 > Begin processing for Run: 0, History: 58
 -- Killing primary track of event 58
G4WT1 > Begin processing for Run: 0, History: 20
 -- Killing primary track of event 20
G4WT8 > Begin processing for Run: 0, History: 40
 -- Aborting event 40
G4WT8 > Begin processing for Run: 0, History: 41
 -- Killing primary track of event 41
G4WT5 > Begin processing for Run: 0, History: 38
 -- Killing primary track of event 38
G4WT7 > Begin processing for Run: 0, History: 43
 -- Aborting event 43
G4WT7 > Begin processing for Run: 0, History: 44
 -- Killing primary track of event 44
G4WT3 > Begin processing for Run: 0, History: 14
 -- Aborting event 14
G4WT3 > Begin processing for Run: 0, History: 60
 -- Aborting event 60
G4WT3 > Begin processing for Run: 0, History: 61
 -- Aborting event 61
G4WT3 > Begin processing for Run: 0, History: 62
 -- Aborting event 62
G4WT3 > Begin processing for Run: 0, History: 63
 -- Aborting event 63
G4WT3 > Begin processing for Run: 0, History: 64
 -- Killing primary track of event 64
G4WT6 > Begin processing for Run: 0, History: 50
 -- Killing primary track of event 50
G4WT9 > Begin processing for Run: 0, History: 66
 -- Killing primary track of event 66
G4WT1 > Begin processing for Run: 0, History: 69
 -- Aborting event 69
G4WT1 > Begin processing for Run: 0, History: 70
 -- Killing primary track of event 70
G4WT0 > Begin processing for Run: 0, History: 59
 -- Killing primary track of event 59
G4WT8 > Begin processing for Run: 0, History: 72
 -- Killing primary track of event 72
G4WT4 > Begin processing for Run: 0, History: 53
 -- Killing primary track of event 53
G4WT5 > Begin processing for Run: 0, History: 75
 -- Aborting event 75
G4WT5 > Begin processing for Run: 0, History: 76
 -- Aborting event 76
G4WT5 > Begin processing for Run: 0, History: 77
 -- Aborting event 77
G4WT5 > Begin processing for Run: 0, History: 78
 -- Killing primary track of event 78
G4WT7 > Begin processing for Run: 0, History: 81
 -- Killing primary track of event 81
G4WT2 > Begin processing for Run: 0, History: 84
 -- Killing primary track of event 84
G4WT9 > Begin processing for Run: 0, History: 67
 -- Killing primary track of event 67
G4WT6 > Begin processing for Run: 0, History: 87
 -- Aborting event 87
G4WT6 > Begin processing for Run: 0, History: 88
 -- Aborting event 88
G4WT6 > Begin processing for Run: 0, History: 89
 -- Killing primary track of event 89
G4WT3 > Begin processing for Run: 0, History: 65
 -- Killing primary track of event 65
G4WT1 > Begin processing for Run: 0, History: 71
 -- Killing primary track of event 71
G4WT0 > Begin processing for Run: 0, History: 90
 -- Killing primary track of event 90
G4WT8 > Begin processing for Run: 0, History: 73
 -- Aborting event 73
G4WT8 > Begin processing for Run: 0, History: 74
 -- Killing primary track of event 74
G4WT4 > Begin processing for Run: 0, History: 93
 -- Killing primary track of event 93
G4WT5 > Begin processing for Run: 0, History: 79
 -- Aborting event 79
G4WT5 > Begin processing for Run: 0, History: 80
 -- Killing primary track of event 80
G4WT2 > Begin processing for Run: 0, History: 85
 -- Killing primary track of event 85
G4WT7 > Begin processing for Run: 0, History: 82
 -- Aborting event 82
G4WT7 > Begin processing for Run: 0, History: 83
 -- Aborting event 83
G4WT7 > Begin processing for Run: 0, History: 96
 -- Aborting event 96
G4WT7 > Begin processing for Run: 0, History: 97
 -- Killing primary track of event 97
G4WT9 > Begin processing for Run: 0, History: 68
 -- Aborting event 68
G4WT9 > Begin processing for Run: 0, History: 99
 -- Killing primary track of event 99
G4WT0 > Begin processing for Run: 0, History: 91
 -- Killing primary track of event 91
G4WT4 > Begin processing for Run: 0, History: 94
 -- Aborting event 94
G4WT4 > Begin processing for Run: 0, History: 95
 -- Killing primary track of event 95
G4WT7 > Begin processing for Run: 0, History: 98
 -- Killing primary track of event 98
G4WT2 > Begin processing for Run: 0, History: 86
 -- Aborting event 86
G4WT0 > Begin processing for Run: 0, History: 92
 -- Aborting event 92

TOPAS run sequence complete.
Particle source Demo: Total number of histories: 100

Elapsed times:
Parameter Reading : User=0.000000s Real=0.005643s Sys=0.000000s [Cpu=0.0%]
    Initialization: User=0.030000s Real=0.031723s Sys=0.010000s [Cpu=126.1%]
         Execution: User=3792.270000s Real=453.927632s Sys=6.850000s [Cpu=836.9%]
      Finalization: User=0.010000s Real=0.136231s Sys=0.000000s [Cpu=7.3%]
             Total: User=3792.31s Real=454.101s Sys=6.86s
