
Welcome to TOPAS, Tool for Particle Simulation (Version 4.0)
Loading parameters starting from: run1.txt

Geant4 Data directory has been specified by the
TOPAS_G4_DATA_DIR environment variable as /wynton/home/ramos-mendez/tmasilela/software/GEANT4/G4DATA

**************************************************************
 Geant4 version Name: geant4-11-01-patch-03 [MT]   (10-November-2023)
  << in Multi-threaded mode >> 
                       Copyright : Geant4 Collaboration
                      References : NIM A 506 (2003), 250-303
                                 : IEEE-TNS 53 (2006), 270-278
                                 : NIM A 835 (2016), 186-225
                             WWW : http://geant4.org/
**************************************************************

TOPAS is in MT mode, setting number of threads to: 256

TOPAS set the tolerances based on the World size to:
      Surface tolerance = 10 nm, and radial tolerance = 10 nm.
Checking overlaps for volume sWorld:0 (G4Box) ... OK! 

Checking for Unused Components.
These are Components that were never built even though they were at least
partially defined in some parameters. This is not necessarily an error.
It may be an intentional choice to have these Component definitions handy for later use.
To turn off this check, set Ge/CheckForUnusedComponents to False
  No unused components were found.

Default
-- Set scavenging capacity for molecule H3Op of 14300 /s 
-- Set scavenging capacity for molecule e_aq of 2300 /s 
-- Branching ratio: All ionization states probability 1
-- Branching ratio: A1B1 Dissociative decay probability 0.65
-- Branching ratio: A1B1 Relaxation probability 0.35
-- Branching ratio: B1A1 Relaxation probability 0.3
-- Branching ratio: B1A1 Dissociative decay probability 0.15
-- Branching ratio: B1A1 Auto-ionization probability 0.55
-- Branching ratio: B1A1 Auto-ionization probability 0
-- Branching ratio: B1A1 Dissociative decay2 probability 0
-- Branching ratio: Rydberg states and diffuse bands auto-ionization probability 0.5
-- Branching ratio: Rydberg states and diffuse bands relaxation probability 0.5
-- Branching ratio: dissociative attachment probability 1
-- Branching ratio: H2O Electron Hole Recombination Dissociative decay1 probability 0.15
-- Branching ratio: H2O Electron Hole Recombination Dissociative decay2 probability 0.55
-- Branching ratio: H2O Electron Hole Recombination Dissociative decay3 probability 0
-- Branching ratio: H2O Electron Hole Recombination Dissociative decay4 probability 0.3
Solvation model selected: 11003
   1. Ritchie.
   2. Terrisol.
   3. Meesungnoen.
   4. Kreipl.
   5. Meesugnoen solid.
-- Diffusion coefficient for molecule: H used the value 7e-09 (m2/s) 
-- Diffusion coefficient for molecule: H2 used the value 4.8e-09 (m2/s) 
-- Diffusion coefficient for molecule: H2O2 used the value 2.3e-09 (m2/s) 
-- Diffusion coefficient for molecule: H3Op used the value 9.46e-09 (m2/s) 
-- Diffusion coefficient for molecule: OH used the value 2.2e-09 (m2/s) 
-- Diffusion coefficient for molecule: OHm used the value 5.3e-09 (m2/s) 
-- Diffusion coefficient for molecule: Product used the value 0 (m2/s) 
-- Diffusion coefficient for molecule: e_aq used the value 4.9e-09 (m2/s) 

### TsEmDNAPhysics Construct Processes 
Ts Rudd ionisation model is constructed 
 Re-set reaction kobs to : 1.56e+10/M/s
 Re-set reaction kobs to : 9e+07/M/s
 Re-set reaction kobs to : 1.43e+11/M/s
 Re-set reaction kobs to : 1.55e+10/M/s
 Re-set reaction kobs to : 5.5e+09/M/s
 Re-set reaction kobs to : 2.5e+10/M/s
 Re-set reaction kobs to : 1.1e+10/M/s
 Re-set reaction kobs to : 2.3e+10/M/s
 Re-set reaction kobs to : 3e+10/M/s
 Re-set reaction kobs to : 1.1e+10/M/s

========================================================================================================================
   TypeMolecules        Products                      Kobs (/M/s) r (nm)        Preact      
========================================================================================================================
 I     H^0     + H^0     -> H_2^0                  1.56e+10    0.294487      1           
 I     e_aq^-1 + H^0     -> OH^-1 + H_2^0          2.5e+10     0.277608      1           

========================================================================================================================
Type   Molecules        Products                      Kobs (/M/s) Kdif (/M/s)     Kact (/M/s)     r (nm)        Preact      alpha (/nm)   
========================================================================================================================
 II    H^0     + H2O2^0  -> OH^0                   9e+07       2.81516e+10     9.02887e+07     0.4           0.00134615  2.50802       
 II    OH^0    + H^0     -> None                   1.55e+10    2.85452e+10     3.39168e+10     0.41          0.329869    5.33703       
 II    OH^0    + OH^0    -> H2O2^0                 5.5e+09     7.32548e+09     2.2071e+10      0.44          0.544815    9.12024       
 II    e_aq^-1 + H2O2^0  -> OH^-1 + OH^0           1.1e+10     3.86858e+10     1.53705e+10     0.71          0.103317    1.96805       
 II    e_aq^-1 + OH^0    -> OH^-1                  3e+10       3.86858e+10     1.33617e+11     0.72          0.497921    6.18599       

========================================================================================================================
Type   Molecules        Products                      Kobs (/M/s) r (nm)        reff (nm)    Preact      
========================================================================================================================
 III   H3O^1   + OH^-1   -> None                   1.43e+11    0.876805         1.28023         1              
 III   e_aq^-1 + e_aq^-1 -> OH^-1 + OH^-1 + H_2^0  1.1e+10     0.581654         0.296644        1              

========================================================================================================================
Type   Molecules        Products                      Kobs (/M/s) Kdif (/M/s)     Kact (/M/s)     r (nm)        reff (nm)    reff1 (nm)    Preact      
========================================================================================================================
 IV    e_aq^-1 + H3O^1   -> H^0                    2.3e+10     1.26196e+11     2.81262e+10     0.75          1.16126      0.211647      0.0409073   

========================================================================================================================
Type   Molecules        Products                      Kobs (/M/s) r (nm)        reff (nm)    Preact      
========================================================================================================================

========================================================================================================================
Type   Molecules        Products                      Scavenging capacity /s
========================================================================================================================
 VI    H^0     + NO3m    -> NO32m                  35000        Single factor 
 VI    H3O^1   + OH^-1   -> None                   14300        Single factor 
 VI    OH^0    + CH3OH   -> CH2OH                  970000       Single factor 
 VI    e_aq^-1 + H3O^1   -> H^0                    2300         Single factor 
 VI    e_aq^-1 + NO3m    -> NO32m                  2.425e+08    Single factor 


 -------------- TOPAS IRT Warning -------------
 -- SpinBehavior is ScaledProbability
 ----------------------------------------------

Visualization verbosity changed to quiet (0)
=======================================================================
======                 Electromagnetic Physics Parameters      ========
=======================================================================
LPM effect enabled                                 1
Enable creation and use of sampling tables         0
Apply cuts on all EM processes                     0
Use combined TransportationWithMsc                 Disabled
Use general process                                0
Enable linear polarisation for gamma               0
Enable photoeffect sampling below K-shell          1
Enable sampling of quantum entanglement            0
X-section factor for integral approach             0.8
Min kinetic energy for tables                      100 eV 
Max kinetic energy for tables                      500 MeV
Number of bins per decade of a table               7
Verbose level                                      1
Verbose level for worker thread                    0
Bremsstrahlung energy threshold above which 
  primary e+- is added to the list of secondary    100 TeV
Bremsstrahlung energy threshold above which primary
  muon/hadron is added to the list of secondary    100 TeV
Lowest triplet kinetic energy                      1 MeV
Enable sampling of gamma linear polarisation       0
5D gamma conversion model type                     0
5D gamma conversion model on isolated ion          0
Livermore data directory                           epics_2017
=======================================================================
======                 Ionisation Parameters                   ========
=======================================================================
Step function for e+-                              (0.2, 1 mm)
Step function for muons/hadrons                    (0.2, 0.1 mm)
Step function for light ions                       (0.2, 0.1 mm)
Step function for general ions                     (0.2, 0.1 mm)
Lowest e+e- kinetic energy                         1 keV
Lowest muon/hadron kinetic energy                  1 keV
Use ICRU90 data                                    0
Fluctuations of dE/dx are enabled                  1
Type of fluctuation model for leptons and hadrons  Universal
Use built-in Birks satuaration                     0
Build CSDA range enabled                           0
Use cut as a final range enabled                   0
Enable angular generator interface                 0
Max kinetic energy for CSDA tables                 1 GeV
Max kinetic energy for NIEL computation            0 eV 
Linear loss limit                                  0.01
Read data from file for e+e- pair production by mu 0
=======================================================================
======                 Multiple Scattering Parameters          ========
=======================================================================
Type of msc step limit algorithm for e+-           3
Type of msc step limit algorithm for muons/hadrons 0
Msc lateral displacement for e+- enabled           1
Msc lateral displacement for muons and hadrons     0
Urban msc model lateral displacement alg96         1
Range factor for msc step limit for e+-            0.04
Range factor for msc step limit for muons/hadrons  0.2
Geometry factor for msc step limitation of e+-     2.5
Safety factor for msc step limit for e+-           0.6
Skin parameter for msc step limitation of e+-      1
Lambda limit for msc step limit for e+-            1 mm
Use Mott correction for e- scattering              0
Factor used for dynamic computation of angular 
  limit between single and multiple scattering     1
Fixed angular limit between single 
  and multiple scattering                          3.1416 rad
Upper energy limit for e+- multiple scattering     100 MeV
Type of electron single scattering model           0
Type of nuclear form-factor                        1
Screening factor                                   1
=======================================================================
======                 Atomic Deexcitation Parameters          ========
=======================================================================
Fluorescence enabled                               1
Directory in G4LEDATA for fluorescence data files  fluor
Auger electron cascade enabled                     1
PIXE atomic de-excitation enabled                  0
De-excitation module ignores cuts                  1
Type of PIXE cross section for hadrons             Empirical
Type of PIXE cross section for e+-                 Livermore
=======================================================================
======                 DNA Physics Parameters                  ========
=======================================================================
Use fast sampling in DNA models                    0
Use Stationary option in DNA models                0
Use DNA with multiple scattering of e-             0
Use DNA e- solvation model type                    11003
=======================================================================

### ===  Deexcitation model UAtomDeexcitation is activated for 1 region:
          DefaultRegionForTheWorld  1  1  0
### ===  Auger flag: 1
### ===  Ignore cuts flag:   1
TsDNAELSEPAElasticModel: high energy limit decreased from 500 MeV to 1 MeV
Rudd ionisation model is initialized 
Energy range: 0 eV - 1e+06 keV for proton

phot:  for gamma SubType=12 BuildTable=0
      LambdaPrime table from 200 keV to 500 MeV in 25 bins 
      ===== EM models for the G4Region  DefaultRegionForTheWorld ======
 LivermorePhElectric : Emin=    0 eV  Emax=  500 MeV  SauterGavrila Fluo

compt:  for gamma SubType=13 BuildTable=1
      Lambda table from 100 eV  to 1 MeV, 7 bins/decade, spline: 1
      LambdaPrime table from 1 MeV to 500 MeV in 20 bins 
      ===== EM models for the G4Region  DefaultRegionForTheWorld ======
    LivermoreCompton : Emin=    0 eV  Emax=  500 MeV Fluo

conv:  for gamma SubType=14 BuildTable=1
      Lambda table from 1.022 MeV to 500 MeV, 33 bins/decade, spline: 1
      ===== EM models for the G4Region  DefaultRegionForTheWorld ======
 LivermoreConversion : Emin=    0 eV  Emax=  500 MeV  ModifiedTsai

Rayl:  for gamma SubType=11 BuildTable=1
      Lambda table from 100 eV  to 150 keV, 7 bins/decade, spline: 0
      LambdaPrime table from 150 keV to 500 MeV in 26 bins 
      ===== EM models for the G4Region  DefaultRegionForTheWorld ======
   LivermoreRayleigh : Emin=    0 eV  Emax=  500 MeV  CullenGenerator

e-_G4DNAElastic:  for e- SubType=51 BuildTable=0
      ===== EM models for the G4Region  DefaultRegionForTheWorld ======
DNAELSEPAElasticModel : Emin=    0 eV  Emax=  500 MeV

e-_G4DNAExcitation:  for e- SubType=52 BuildTable=0
      ===== EM models for the G4Region  DefaultRegionForTheWorld ======
DNABornExcitationModel : Emin=    0 eV  Emax=    1 MeV

e-_G4DNAIonisation:  for e- SubType=53 BuildTable=0
      ===== EM models for the G4Region  DefaultRegionForTheWorld ======
DNABornIonisationModel : Emin=    0 eV  Emax=    1 MeV  deltaBorn Fluo

e-_G4DNAElectronSolvation:  for e- SubType=58 BuildTable=0
      ===== EM models for the G4Region  DefaultRegionForTheWorld ======
DNAOneStepThermalizationModel_Meesungnoen2002 : Emin=    0 eV  Emax=   10 eV 

e-_G4DNAVibExcitation:  for e- SubType=54 BuildTable=0
      ===== EM models for the G4Region  DefaultRegionForTheWorld ======
DNASancheExcitationModel : Emin=    0 eV  Emax=  100 eV 

e-_G4DNAAttachment:  for e- SubType=55 BuildTable=0
      ===== EM models for the G4Region  DefaultRegionForTheWorld ======
DNAMeltonAttachmentModel : Emin=    0 eV  Emax=   13 eV 

msc:  for e+  SubType= 10
      ===== EM models for the G4Region  DefaultRegionForTheWorld ======
            UrbanMsc : Emin=    0 eV  Emax=  500 MeV Nbins=49 100 eV  - 500 MeV
          StepLim=DistanceToBoundary Rfact=0.04 Gfact=2.5 Sfact=0.6 DispFlag:1 Skin=1 Llim=1 mm

eIoni:  for e+  XStype:3  SubType=2
      dE/dx and range tables from 100 eV  to 500 MeV in 49 bins
      Lambda tables from threshold to 500 MeV, 7 bins/decade, spline: 1
      StepFunction=(0.2, 1 mm), integ: 3, fluct: 1, linLossLim= 0.01
      ===== EM models for the G4Region  DefaultRegionForTheWorld ======
        MollerBhabha : Emin=    0 eV  Emax=  500 MeV
G4WT81 > Begin processing for Run: 0, History: 0
G4WT255 > Begin processing for Run: 0, History: 2000
G4WT255 > Begin processing for Run: 0, History: 3000
G4WT255 > Begin processing for Run: 0, History: 4000
G4WT255 > Begin processing for Run: 0, History: 5000
G4WT255 > Begin processing for Run: 0, History: 6000
G4WT255 > Begin processing for Run: 0, History: 7000
G4WT255 > Begin processing for Run: 0, History: 8000
G4WT255 > Begin processing for Run: 0, History: 9000
G4WT226 > Begin processing for Run: 0, History: 1000

TOPAS run sequence complete.
Particle source Demo: Total number of histories: 10000
######### Averaged IRT-execution-time per history (869 histories): 58.0313 s +/- 32.1908 s 

Elapsed times:
Parameter Reading : User=0.000000s Real=0.010724s Sys=0.010000s [Cpu=93.2%]
    Initialization: User=0.050000s Real=0.075149s Sys=0.010000s [Cpu=79.8%]
         Execution: User=985.680000s Real=100.800864s Sys=324.550000s [Cpu=1299.8%]
      Finalization: User=0.010000s Real=1.293086s Sys=0.110000s [Cpu=9.3%]
             Total: User=985.74s Real=102.18s Sys=324.68s

Welcome to TOPAS, Tool for Particle Simulation (Version 4.0)
Loading parameters starting from: run1.txt

Geant4 Data directory has been specified by the
TOPAS_G4_DATA_DIR environment variable as /wynton/home/ramos-mendez/tmasilela/software/GEANT4/G4DATA

**************************************************************
 Geant4 version Name: geant4-11-01-patch-03 [MT]   (10-November-2023)
  << in Multi-threaded mode >> 
                       Copyright : Geant4 Collaboration
                      References : NIM A 506 (2003), 250-303
                                 : IEEE-TNS 53 (2006), 270-278
                                 : NIM A 835 (2016), 186-225
                             WWW : http://geant4.org/
**************************************************************

TOPAS is in MT mode, setting number of threads to: 256

TOPAS set the tolerances based on the World size to:
      Surface tolerance = 10 nm, and radial tolerance = 10 nm.
Checking overlaps for volume sWorld:0 (G4Box) ... OK! 

Checking for Unused Components.
These are Components that were never built even though they were at least
partially defined in some parameters. This is not necessarily an error.
It may be an intentional choice to have these Component definitions handy for later use.
To turn off this check, set Ge/CheckForUnusedComponents to False
  No unused components were found.

Default
-- Set scavenging capacity for molecule H3Op of 14300 /s 
-- Set scavenging capacity for molecule e_aq of 2300 /s 
-- Branching ratio: All ionization states probability 1
-- Branching ratio: A1B1 Dissociative decay probability 0.65
-- Branching ratio: A1B1 Relaxation probability 0.35
-- Branching ratio: B1A1 Relaxation probability 0.3
-- Branching ratio: B1A1 Dissociative decay probability 0.15
-- Branching ratio: B1A1 Auto-ionization probability 0.55
-- Branching ratio: B1A1 Auto-ionization probability 0
-- Branching ratio: B1A1 Dissociative decay2 probability 0
-- Branching ratio: Rydberg states and diffuse bands auto-ionization probability 0.5
-- Branching ratio: Rydberg states and diffuse bands relaxation probability 0.5
-- Branching ratio: dissociative attachment probability 1
-- Branching ratio: H2O Electron Hole Recombination Dissociative decay1 probability 0.15
-- Branching ratio: H2O Electron Hole Recombination Dissociative decay2 probability 0.55
-- Branching ratio: H2O Electron Hole Recombination Dissociative decay3 probability 0
-- Branching ratio: H2O Electron Hole Recombination Dissociative decay4 probability 0.3
Solvation model selected: 11003
   1. Ritchie.
   2. Terrisol.
   3. Meesungnoen.
   4. Kreipl.
   5. Meesugnoen solid.
-- Diffusion coefficient for molecule: H used the value 7e-09 (m2/s) 
-- Diffusion coefficient for molecule: H2 used the value 4.8e-09 (m2/s) 
-- Diffusion coefficient for molecule: H2O2 used the value 2.3e-09 (m2/s) 
-- Diffusion coefficient for molecule: H3Op used the value 9.46e-09 (m2/s) 
-- Diffusion coefficient for molecule: OH used the value 2.2e-09 (m2/s) 
-- Diffusion coefficient for molecule: OHm used the value 5.3e-09 (m2/s) 
-- Diffusion coefficient for molecule: Product used the value 0 (m2/s) 
-- Diffusion coefficient for molecule: e_aq used the value 4.9e-09 (m2/s) 

### TsEmDNAPhysics Construct Processes 
Ts Rudd ionisation model is constructed 
 Re-set reaction kobs to : 1.56e+10/M/s
 Re-set reaction kobs to : 9e+07/M/s
 Re-set reaction kobs to : 1.43e+11/M/s
 Re-set reaction kobs to : 1.55e+10/M/s
 Re-set reaction kobs to : 5.5e+09/M/s
 Re-set reaction kobs to : 2.5e+10/M/s
 Re-set reaction kobs to : 1.1e+10/M/s
 Re-set reaction kobs to : 2.3e+10/M/s
 Re-set reaction kobs to : 3e+10/M/s
 Re-set reaction kobs to : 1.1e+10/M/s

========================================================================================================================
   TypeMolecules        Products                      Kobs (/M/s) r (nm)        Preact      
========================================================================================================================
 I     H^0     + H^0     -> H_2^0                  1.56e+10    0.294487      1           
 I     e_aq^-1 + H^0     -> OH^-1 + H_2^0          2.5e+10     0.277608      1           

========================================================================================================================
Type   Molecules        Products                      Kobs (/M/s) Kdif (/M/s)     Kact (/M/s)     r (nm)        Preact      alpha (/nm)   
========================================================================================================================
 II    H^0     + H2O2^0  -> OH^0                   9e+07       2.81516e+10     9.02887e+07     0.4           0.00134615  2.50802       
 II    OH^0    + H^0     -> None                   1.55e+10    2.85452e+10     3.39168e+10     0.41          0.329869    5.33703       
 II    OH^0    + OH^0    -> H2O2^0                 5.5e+09     7.32548e+09     2.2071e+10      0.44          0.544815    9.12024       
 II    e_aq^-1 + H2O2^0  -> OH^-1 + OH^0           1.1e+10     3.86858e+10     1.53705e+10     0.71          0.103317    1.96805       
 II    e_aq^-1 + OH^0    -> OH^-1                  3e+10       3.86858e+10     1.33617e+11     0.72          0.497921    6.18599       

========================================================================================================================
Type   Molecules        Products                      Kobs (/M/s) r (nm)        reff (nm)    Preact      
========================================================================================================================
 III   H3O^1   + OH^-1   -> None                   1.43e+11    0.876805         1.28023         1              
 III   e_aq^-1 + e_aq^-1 -> OH^-1 + OH^-1 + H_2^0  1.1e+10     0.581654         0.296644        1              

========================================================================================================================
Type   Molecules        Products                      Kobs (/M/s) Kdif (/M/s)     Kact (/M/s)     r (nm)        reff (nm)    reff1 (nm)    Preact      
========================================================================================================================
 IV    e_aq^-1 + H3O^1   -> H^0                    2.3e+10     1.26196e+11     2.81262e+10     0.75          1.16126      0.211647      0.0409073   

========================================================================================================================
Type   Molecules        Products                      Kobs (/M/s) r (nm)        reff (nm)    Preact      
========================================================================================================================

========================================================================================================================
Type   Molecules        Products                      Scavenging capacity /s
========================================================================================================================
 VI    H^0     + NO3m    -> NO32m                  35000        Single factor 
 VI    H3O^1   + OH^-1   -> None                   14300        Single factor 
 VI    OH^0    + CH3OH   -> CH2OH                  9.7e+06      Single factor 
 VI    e_aq^-1 + H3O^1   -> H^0                    2300         Single factor 
 VI    e_aq^-1 + NO3m    -> NO32m                  2.425e+08    Single factor 


 -------------- TOPAS IRT Warning -------------
 -- SpinBehavior is ScaledProbability
 ----------------------------------------------

Visualization verbosity changed to quiet (0)
=======================================================================
======                 Electromagnetic Physics Parameters      ========
=======================================================================
LPM effect enabled                                 1
Enable creation and use of sampling tables         0
Apply cuts on all EM processes                     0
Use combined TransportationWithMsc                 Disabled
Use general process                                0
Enable linear polarisation for gamma               0
Enable photoeffect sampling below K-shell          1
Enable sampling of quantum entanglement            0
X-section factor for integral approach             0.8
Min kinetic energy for tables                      100 eV 
Max kinetic energy for tables                      500 MeV
Number of bins per decade of a table               7
Verbose level                                      1
Verbose level for worker thread                    0
Bremsstrahlung energy threshold above which 
  primary e+- is added to the list of secondary    100 TeV
Bremsstrahlung energy threshold above which primary
  muon/hadron is added to the list of secondary    100 TeV
Lowest triplet kinetic energy                      1 MeV
Enable sampling of gamma linear polarisation       0
5D gamma conversion model type                     0
5D gamma conversion model on isolated ion          0
Livermore data directory                           epics_2017
=======================================================================
======                 Ionisation Parameters                   ========
=======================================================================
Step function for e+-                              (0.2, 1 mm)
Step function for muons/hadrons                    (0.2, 0.1 mm)
Step function for light ions                       (0.2, 0.1 mm)
Step function for general ions                     (0.2, 0.1 mm)
Lowest e+e- kinetic energy                         1 keV
Lowest muon/hadron kinetic energy                  1 keV
Use ICRU90 data                                    0
Fluctuations of dE/dx are enabled                  1
Type of fluctuation model for leptons and hadrons  Universal
Use built-in Birks satuaration                     0
Build CSDA range enabled                           0
Use cut as a final range enabled                   0
Enable angular generator interface                 0
Max kinetic energy for CSDA tables                 1 GeV
Max kinetic energy for NIEL computation            0 eV 
Linear loss limit                                  0.01
Read data from file for e+e- pair production by mu 0
=======================================================================
======                 Multiple Scattering Parameters          ========
=======================================================================
Type of msc step limit algorithm for e+-           3
Type of msc step limit algorithm for muons/hadrons 0
Msc lateral displacement for e+- enabled           1
Msc lateral displacement for muons and hadrons     0
Urban msc model lateral displacement alg96         1
Range factor for msc step limit for e+-            0.04
Range factor for msc step limit for muons/hadrons  0.2
Geometry factor for msc step limitation of e+-     2.5
Safety factor for msc step limit for e+-           0.6
Skin parameter for msc step limitation of e+-      1
Lambda limit for msc step limit for e+-            1 mm
Use Mott correction for e- scattering              0
Factor used for dynamic computation of angular 
  limit between single and multiple scattering     1
Fixed angular limit between single 
  and multiple scattering                          3.1416 rad
Upper energy limit for e+- multiple scattering     100 MeV
Type of electron single scattering model           0
Type of nuclear form-factor                        1
Screening factor                                   1
=======================================================================
======                 Atomic Deexcitation Parameters          ========
=======================================================================
Fluorescence enabled                               1
Directory in G4LEDATA for fluorescence data files  fluor
Auger electron cascade enabled                     1
PIXE atomic de-excitation enabled                  0
De-excitation module ignores cuts                  1
Type of PIXE cross section for hadrons             Empirical
Type of PIXE cross section for e+-                 Livermore
=======================================================================
======                 DNA Physics Parameters                  ========
=======================================================================
Use fast sampling in DNA models                    0
Use Stationary option in DNA models                0
Use DNA with multiple scattering of e-             0
Use DNA e- solvation model type                    11003
=======================================================================

### ===  Deexcitation model UAtomDeexcitation is activated for 1 region:
          DefaultRegionForTheWorld  1  1  0
### ===  Auger flag: 1
### ===  Ignore cuts flag:   1
TsDNAELSEPAElasticModel: high energy limit decreased from 500 MeV to 1 MeV
Rudd ionisation model is initialized 
Energy range: 0 eV - 1e+06 keV for proton

phot:  for gamma SubType=12 BuildTable=0
      LambdaPrime table from 200 keV to 500 MeV in 25 bins 
      ===== EM models for the G4Region  DefaultRegionForTheWorld ======
 LivermorePhElectric : Emin=    0 eV  Emax=  500 MeV  SauterGavrila Fluo

compt:  for gamma SubType=13 BuildTable=1
      Lambda table from 100 eV  to 1 MeV, 7 bins/decade, spline: 1
      LambdaPrime table from 1 MeV to 500 MeV in 20 bins 
      ===== EM models for the G4Region  DefaultRegionForTheWorld ======
    LivermoreCompton : Emin=    0 eV  Emax=  500 MeV Fluo

conv:  for gamma SubType=14 BuildTable=1
      Lambda table from 1.022 MeV to 500 MeV, 33 bins/decade, spline: 1
      ===== EM models for the G4Region  DefaultRegionForTheWorld ======
 LivermoreConversion : Emin=    0 eV  Emax=  500 MeV  ModifiedTsai

Rayl:  for gamma SubType=11 BuildTable=1
      Lambda table from 100 eV  to 150 keV, 7 bins/decade, spline: 0
      LambdaPrime table from 150 keV to 500 MeV in 26 bins 
      ===== EM models for the G4Region  DefaultRegionForTheWorld ======
   LivermoreRayleigh : Emin=    0 eV  Emax=  500 MeV  CullenGenerator

e-_G4DNAElastic:  for e- SubType=51 BuildTable=0
      ===== EM models for the G4Region  DefaultRegionForTheWorld ======
DNAELSEPAElasticModel : Emin=    0 eV  Emax=  500 MeV

e-_G4DNAExcitation:  for e- SubType=52 BuildTable=0
      ===== EM models for the G4Region  DefaultRegionForTheWorld ======
DNABornExcitationModel : Emin=    0 eV  Emax=    1 MeV

e-_G4DNAIonisation:  for e- SubType=53 BuildTable=0
      ===== EM models for the G4Region  DefaultRegionForTheWorld ======
DNABornIonisationModel : Emin=    0 eV  Emax=    1 MeV  deltaBorn Fluo

e-_G4DNAElectronSolvation:  for e- SubType=58 BuildTable=0
      ===== EM models for the G4Region  DefaultRegionForTheWorld ======
DNAOneStepThermalizationModel_Meesungnoen2002 : Emin=    0 eV  Emax=   10 eV 

e-_G4DNAVibExcitation:  for e- SubType=54 BuildTable=0
      ===== EM models for the G4Region  DefaultRegionForTheWorld ======
DNASancheExcitationModel : Emin=    0 eV  Emax=  100 eV 

e-_G4DNAAttachment:  for e- SubType=55 BuildTable=0
      ===== EM models for the G4Region  DefaultRegionForTheWorld ======
DNAMeltonAttachmentModel : Emin=    0 eV  Emax=   13 eV 

msc:  for e+  SubType= 10
      ===== EM models for the G4Region  DefaultRegionForTheWorld ======
            UrbanMsc : Emin=    0 eV  Emax=  500 MeV Nbins=49 100 eV  - 500 MeV
          StepLim=DistanceToBoundary Rfact=0.04 Gfact=2.5 Sfact=0.6 DispFlag:1 Skin=1 Llim=1 mm

eIoni:  for e+  XStype:3  SubType=2
      dE/dx and range tables from 100 eV  to 500 MeV in 49 bins
      Lambda tables from threshold to 500 MeV, 7 bins/decade, spline: 1
      StepFunction=(0.2, 1 mm), integ: 3, fluct: 1, linLossLim= 0.01
      ===== EM models for the G4Region  DefaultRegionForTheWorld ======
        MollerBhabha : Emin=    0 eV  Emax=  500 MeV
G4WT150 > Begin processing for Run: 0, History: 0
G4WT255 > Begin processing for Run: 0, History: 2000
G4WT255 > Begin processing for Run: 0, History: 3000
G4WT255 > Begin processing for Run: 0, History: 4000
G4WT80 > Begin processing for Run: 0, History: 1000
G4WT255 > Begin processing for Run: 0, History: 5000
G4WT255 > Begin processing for Run: 0, History: 6000
G4WT255 > Begin processing for Run: 0, History: 7000
G4WT255 > Begin processing for Run: 0, History: 8000
G4WT255 > Begin processing for Run: 0, History: 9000

TOPAS run sequence complete.
Particle source Demo: Total number of histories: 10000
######### Averaged IRT-execution-time per history (983 histories): 75.3068 s +/- 37.8024 s 

Elapsed times:
Parameter Reading : User=0.000000s Real=0.006867s Sys=0.000000s [Cpu=0.0%]
    Initialization: User=0.020000s Real=0.048880s Sys=0.010000s [Cpu=61.4%]
         Execution: User=1114.770000s Real=93.242967s Sys=465.300000s [Cpu=1694.6%]
      Finalization: User=0.020000s Real=1.020465s Sys=0.110000s [Cpu=12.7%]
             Total: User=1114.81s Real=94.3192s Sys=465.42s

Welcome to TOPAS, Tool for Particle Simulation (Version 4.0)
Loading parameters starting from: run1.txt

Geant4 Data directory has been specified by the
TOPAS_G4_DATA_DIR environment variable as /wynton/home/ramos-mendez/tmasilela/software/GEANT4/G4DATA

**************************************************************
 Geant4 version Name: geant4-11-01-patch-03 [MT]   (10-November-2023)
  << in Multi-threaded mode >> 
                       Copyright : Geant4 Collaboration
                      References : NIM A 506 (2003), 250-303
                                 : IEEE-TNS 53 (2006), 270-278
                                 : NIM A 835 (2016), 186-225
                             WWW : http://geant4.org/
**************************************************************

TOPAS is in MT mode, setting number of threads to: 256

TOPAS set the tolerances based on the World size to:
      Surface tolerance = 10 nm, and radial tolerance = 10 nm.
Checking overlaps for volume sWorld:0 (G4Box) ... OK! 

Checking for Unused Components.
These are Components that were never built even though they were at least
partially defined in some parameters. This is not necessarily an error.
It may be an intentional choice to have these Component definitions handy for later use.
To turn off this check, set Ge/CheckForUnusedComponents to False
  No unused components were found.

Default
-- Set scavenging capacity for molecule H3Op of 14300 /s 
-- Set scavenging capacity for molecule e_aq of 2300 /s 
-- Branching ratio: All ionization states probability 1
-- Branching ratio: A1B1 Dissociative decay probability 0.65
-- Branching ratio: A1B1 Relaxation probability 0.35
-- Branching ratio: B1A1 Relaxation probability 0.3
-- Branching ratio: B1A1 Dissociative decay probability 0.15
-- Branching ratio: B1A1 Auto-ionization probability 0.55
-- Branching ratio: B1A1 Auto-ionization probability 0
-- Branching ratio: B1A1 Dissociative decay2 probability 0
-- Branching ratio: Rydberg states and diffuse bands auto-ionization probability 0.5
-- Branching ratio: Rydberg states and diffuse bands relaxation probability 0.5
-- Branching ratio: dissociative attachment probability 1
-- Branching ratio: H2O Electron Hole Recombination Dissociative decay1 probability 0.15
-- Branching ratio: H2O Electron Hole Recombination Dissociative decay2 probability 0.55
-- Branching ratio: H2O Electron Hole Recombination Dissociative decay3 probability 0
-- Branching ratio: H2O Electron Hole Recombination Dissociative decay4 probability 0.3
Solvation model selected: 11003
   1. Ritchie.
   2. Terrisol.
   3. Meesungnoen.
   4. Kreipl.
   5. Meesugnoen solid.
-- Diffusion coefficient for molecule: H used the value 7e-09 (m2/s) 
-- Diffusion coefficient for molecule: H2 used the value 4.8e-09 (m2/s) 
-- Diffusion coefficient for molecule: H2O2 used the value 2.3e-09 (m2/s) 
-- Diffusion coefficient for molecule: H3Op used the value 9.46e-09 (m2/s) 
-- Diffusion coefficient for molecule: OH used the value 2.2e-09 (m2/s) 
-- Diffusion coefficient for molecule: OHm used the value 5.3e-09 (m2/s) 
-- Diffusion coefficient for molecule: Product used the value 0 (m2/s) 
-- Diffusion coefficient for molecule: e_aq used the value 4.9e-09 (m2/s) 

### TsEmDNAPhysics Construct Processes 
Ts Rudd ionisation model is constructed 
 Re-set reaction kobs to : 1.56e+10/M/s
 Re-set reaction kobs to : 9e+07/M/s
 Re-set reaction kobs to : 1.43e+11/M/s
 Re-set reaction kobs to : 1.55e+10/M/s
 Re-set reaction kobs to : 5.5e+09/M/s
 Re-set reaction kobs to : 2.5e+10/M/s
 Re-set reaction kobs to : 1.1e+10/M/s
 Re-set reaction kobs to : 2.3e+10/M/s
 Re-set reaction kobs to : 3e+10/M/s
 Re-set reaction kobs to : 1.1e+10/M/s

========================================================================================================================
   TypeMolecules        Products                      Kobs (/M/s) r (nm)        Preact      
========================================================================================================================
 I     H^0     + H^0     -> H_2^0                  1.56e+10    0.294487      1           
 I     e_aq^-1 + H^0     -> OH^-1 + H_2^0          2.5e+10     0.277608      1           

========================================================================================================================
Type   Molecules        Products                      Kobs (/M/s) Kdif (/M/s)     Kact (/M/s)     r (nm)        Preact      alpha (/nm)   
========================================================================================================================
 II    H^0     + H2O2^0  -> OH^0                   9e+07       2.81516e+10     9.02887e+07     0.4           0.00134615  2.50802       
 II    OH^0    + H^0     -> None                   1.55e+10    2.85452e+10     3.39168e+10     0.41          0.329869    5.33703       
 II    OH^0    + OH^0    -> H2O2^0                 5.5e+09     7.32548e+09     2.2071e+10      0.44          0.544815    9.12024       
 II    e_aq^-1 + H2O2^0  -> OH^-1 + OH^0           1.1e+10     3.86858e+10     1.53705e+10     0.71          0.103317    1.96805       
 II    e_aq^-1 + OH^0    -> OH^-1                  3e+10       3.86858e+10     1.33617e+11     0.72          0.497921    6.18599       

========================================================================================================================
Type   Molecules        Products                      Kobs (/M/s) r (nm)        reff (nm)    Preact      
========================================================================================================================
 III   H3O^1   + OH^-1   -> None                   1.43e+11    0.876805         1.28023         1              
 III   e_aq^-1 + e_aq^-1 -> OH^-1 + OH^-1 + H_2^0  1.1e+10     0.581654         0.296644        1              

========================================================================================================================
Type   Molecules        Products                      Kobs (/M/s) Kdif (/M/s)     Kact (/M/s)     r (nm)        reff (nm)    reff1 (nm)    Preact      
========================================================================================================================
 IV    e_aq^-1 + H3O^1   -> H^0                    2.3e+10     1.26196e+11     2.81262e+10     0.75          1.16126      0.211647      0.0409073   

========================================================================================================================
Type   Molecules        Products                      Kobs (/M/s) r (nm)        reff (nm)    Preact      
========================================================================================================================

========================================================================================================================
Type   Molecules        Products                      Scavenging capacity /s
========================================================================================================================
 VI    H^0     + NO3m    -> NO32m                  35000        Single factor 
 VI    H3O^1   + OH^-1   -> None                   14300        Single factor 
 VI    OH^0    + CH3OH   -> CH2OH                  9.7e+07      Single factor 
 VI    e_aq^-1 + H3O^1   -> H^0                    2300         Single factor 
 VI    e_aq^-1 + NO3m    -> NO32m                  2.425e+08    Single factor 


 -------------- TOPAS IRT Warning -------------
 -- SpinBehavior is ScaledProbability
 ----------------------------------------------

Visualization verbosity changed to quiet (0)
=======================================================================
======                 Electromagnetic Physics Parameters      ========
=======================================================================
LPM effect enabled                                 1
Enable creation and use of sampling tables         0
Apply cuts on all EM processes                     0
Use combined TransportationWithMsc                 Disabled
Use general process                                0
Enable linear polarisation for gamma               0
Enable photoeffect sampling below K-shell          1
Enable sampling of quantum entanglement            0
X-section factor for integral approach             0.8
Min kinetic energy for tables                      100 eV 
Max kinetic energy for tables                      500 MeV
Number of bins per decade of a table               7
Verbose level                                      1
Verbose level for worker thread                    0
Bremsstrahlung energy threshold above which 
  primary e+- is added to the list of secondary    100 TeV
Bremsstrahlung energy threshold above which primary
  muon/hadron is added to the list of secondary    100 TeV
Lowest triplet kinetic energy                      1 MeV
Enable sampling of gamma linear polarisation       0
5D gamma conversion model type                     0
5D gamma conversion model on isolated ion          0
Livermore data directory                           epics_2017
=======================================================================
======                 Ionisation Parameters                   ========
=======================================================================
Step function for e+-                              (0.2, 1 mm)
Step function for muons/hadrons                    (0.2, 0.1 mm)
Step function for light ions                       (0.2, 0.1 mm)
Step function for general ions                     (0.2, 0.1 mm)
Lowest e+e- kinetic energy                         1 keV
Lowest muon/hadron kinetic energy                  1 keV
Use ICRU90 data                                    0
Fluctuations of dE/dx are enabled                  1
Type of fluctuation model for leptons and hadrons  Universal
Use built-in Birks satuaration                     0
Build CSDA range enabled                           0
Use cut as a final range enabled                   0
Enable angular generator interface                 0
Max kinetic energy for CSDA tables                 1 GeV
Max kinetic energy for NIEL computation            0 eV 
Linear loss limit                                  0.01
Read data from file for e+e- pair production by mu 0
=======================================================================
======                 Multiple Scattering Parameters          ========
=======================================================================
Type of msc step limit algorithm for e+-           3
Type of msc step limit algorithm for muons/hadrons 0
Msc lateral displacement for e+- enabled           1
Msc lateral displacement for muons and hadrons     0
Urban msc model lateral displacement alg96         1
Range factor for msc step limit for e+-            0.04
Range factor for msc step limit for muons/hadrons  0.2
Geometry factor for msc step limitation of e+-     2.5
Safety factor for msc step limit for e+-           0.6
Skin parameter for msc step limitation of e+-      1
Lambda limit for msc step limit for e+-            1 mm
Use Mott correction for e- scattering              0
Factor used for dynamic computation of angular 
  limit between single and multiple scattering     1
Fixed angular limit between single 
  and multiple scattering                          3.1416 rad
Upper energy limit for e+- multiple scattering     100 MeV
Type of electron single scattering model           0
Type of nuclear form-factor                        1
Screening factor                                   1
=======================================================================
======                 Atomic Deexcitation Parameters          ========
=======================================================================
Fluorescence enabled                               1
Directory in G4LEDATA for fluorescence data files  fluor
Auger electron cascade enabled                     1
PIXE atomic de-excitation enabled                  0
De-excitation module ignores cuts                  1
Type of PIXE cross section for hadrons             Empirical
Type of PIXE cross section for e+-                 Livermore
=======================================================================
======                 DNA Physics Parameters                  ========
=======================================================================
Use fast sampling in DNA models                    0
Use Stationary option in DNA models                0
Use DNA with multiple scattering of e-             0
Use DNA e- solvation model type                    11003
=======================================================================

### ===  Deexcitation model UAtomDeexcitation is activated for 1 region:
          DefaultRegionForTheWorld  1  1  0
### ===  Auger flag: 1
### ===  Ignore cuts flag:   1
TsDNAELSEPAElasticModel: high energy limit decreased from 500 MeV to 1 MeV
Rudd ionisation model is initialized 
Energy range: 0 eV - 1e+06 keV for proton

phot:  for gamma SubType=12 BuildTable=0
      LambdaPrime table from 200 keV to 500 MeV in 25 bins 
      ===== EM models for the G4Region  DefaultRegionForTheWorld ======
 LivermorePhElectric : Emin=    0 eV  Emax=  500 MeV  SauterGavrila Fluo

compt:  for gamma SubType=13 BuildTable=1
      Lambda table from 100 eV  to 1 MeV, 7 bins/decade, spline: 1
      LambdaPrime table from 1 MeV to 500 MeV in 20 bins 
      ===== EM models for the G4Region  DefaultRegionForTheWorld ======
    LivermoreCompton : Emin=    0 eV  Emax=  500 MeV Fluo

conv:  for gamma SubType=14 BuildTable=1
      Lambda table from 1.022 MeV to 500 MeV, 33 bins/decade, spline: 1
      ===== EM models for the G4Region  DefaultRegionForTheWorld ======
 LivermoreConversion : Emin=    0 eV  Emax=  500 MeV  ModifiedTsai

Rayl:  for gamma SubType=11 BuildTable=1
      Lambda table from 100 eV  to 150 keV, 7 bins/decade, spline: 0
      LambdaPrime table from 150 keV to 500 MeV in 26 bins 
      ===== EM models for the G4Region  DefaultRegionForTheWorld ======
   LivermoreRayleigh : Emin=    0 eV  Emax=  500 MeV  CullenGenerator

e-_G4DNAElastic:  for e- SubType=51 BuildTable=0
      ===== EM models for the G4Region  DefaultRegionForTheWorld ======
DNAELSEPAElasticModel : Emin=    0 eV  Emax=  500 MeV

e-_G4DNAExcitation:  for e- SubType=52 BuildTable=0
      ===== EM models for the G4Region  DefaultRegionForTheWorld ======
DNABornExcitationModel : Emin=    0 eV  Emax=    1 MeV

e-_G4DNAIonisation:  for e- SubType=53 BuildTable=0
      ===== EM models for the G4Region  DefaultRegionForTheWorld ======
DNABornIonisationModel : Emin=    0 eV  Emax=    1 MeV  deltaBorn Fluo

e-_G4DNAElectronSolvation:  for e- SubType=58 BuildTable=0
      ===== EM models for the G4Region  DefaultRegionForTheWorld ======
DNAOneStepThermalizationModel_Meesungnoen2002 : Emin=    0 eV  Emax=   10 eV 

e-_G4DNAVibExcitation:  for e- SubType=54 BuildTable=0
      ===== EM models for the G4Region  DefaultRegionForTheWorld ======
DNASancheExcitationModel : Emin=    0 eV  Emax=  100 eV 

e-_G4DNAAttachment:  for e- SubType=55 BuildTable=0
      ===== EM models for the G4Region  DefaultRegionForTheWorld ======
DNAMeltonAttachmentModel : Emin=    0 eV  Emax=   13 eV 

msc:  for e+  SubType= 10
      ===== EM models for the G4Region  DefaultRegionForTheWorld ======
            UrbanMsc : Emin=    0 eV  Emax=  500 MeV Nbins=49 100 eV  - 500 MeV
          StepLim=DistanceToBoundary Rfact=0.04 Gfact=2.5 Sfact=0.6 DispFlag:1 Skin=1 Llim=1 mm

eIoni:  for e+  XStype:3  SubType=2
      dE/dx and range tables from 100 eV  to 500 MeV in 49 bins
      Lambda tables from threshold to 500 MeV, 7 bins/decade, spline: 1
      StepFunction=(0.2, 1 mm), integ: 3, fluct: 1, linLossLim= 0.01
      ===== EM models for the G4Region  DefaultRegionForTheWorld ======
        MollerBhabha : Emin=    0 eV  Emax=  500 MeV
G4WT189 > Begin processing for Run: 0, History: 0
G4WT255 > Begin processing for Run: 0, History: 2000
G4WT255 > Begin processing for Run: 0, History: 3000
G4WT255 > Begin processing for Run: 0, History: 4000
G4WT255 > Begin processing for Run: 0, History: 5000
G4WT255 > Begin processing for Run: 0, History: 6000
G4WT255 > Begin processing for Run: 0, History: 7000
G4WT255 > Begin processing for Run: 0, History: 8000
G4WT255 > Begin processing for Run: 0, History: 9000
G4WT90 > Begin processing for Run: 0, History: 1000

TOPAS run sequence complete.
Particle source Demo: Total number of histories: 10000
######### Averaged IRT-execution-time per history (863 histories): 54.0825 s +/- 26.8459 s 

Elapsed times:
Parameter Reading : User=0.000000s Real=0.008222s Sys=0.000000s [Cpu=0.0%]
    Initialization: User=0.040000s Real=0.060967s Sys=0.010000s [Cpu=82.0%]
         Execution: User=873.320000s Real=77.844987s Sys=484.030000s [Cpu=1743.7%]
      Finalization: User=0.010000s Real=4.475988s Sys=0.150000s [Cpu=3.6%]
             Total: User=873.37s Real=82.3902s Sys=484.19s

Welcome to TOPAS, Tool for Particle Simulation (Version 4.0)
Loading parameters starting from: run1.txt

Geant4 Data directory has been specified by the
TOPAS_G4_DATA_DIR environment variable as /wynton/home/ramos-mendez/tmasilela/software/GEANT4/G4DATA

**************************************************************
 Geant4 version Name: geant4-11-01-patch-03 [MT]   (10-November-2023)
  << in Multi-threaded mode >> 
                       Copyright : Geant4 Collaboration
                      References : NIM A 506 (2003), 250-303
                                 : IEEE-TNS 53 (2006), 270-278
                                 : NIM A 835 (2016), 186-225
                             WWW : http://geant4.org/
**************************************************************

TOPAS is in MT mode, setting number of threads to: 256

TOPAS set the tolerances based on the World size to:
      Surface tolerance = 10 nm, and radial tolerance = 10 nm.
Checking overlaps for volume sWorld:0 (G4Box) ... OK! 

Checking for Unused Components.
These are Components that were never built even though they were at least
partially defined in some parameters. This is not necessarily an error.
It may be an intentional choice to have these Component definitions handy for later use.
To turn off this check, set Ge/CheckForUnusedComponents to False
  No unused components were found.

Default
-- Set scavenging capacity for molecule H3Op of 14300 /s 
-- Set scavenging capacity for molecule e_aq of 2300 /s 
-- Branching ratio: All ionization states probability 1
-- Branching ratio: A1B1 Dissociative decay probability 0.65
-- Branching ratio: A1B1 Relaxation probability 0.35
-- Branching ratio: B1A1 Relaxation probability 0.3
-- Branching ratio: B1A1 Dissociative decay probability 0.15
-- Branching ratio: B1A1 Auto-ionization probability 0.55
-- Branching ratio: B1A1 Auto-ionization probability 0
-- Branching ratio: B1A1 Dissociative decay2 probability 0
-- Branching ratio: Rydberg states and diffuse bands auto-ionization probability 0.5
-- Branching ratio: Rydberg states and diffuse bands relaxation probability 0.5
-- Branching ratio: dissociative attachment probability 1
-- Branching ratio: H2O Electron Hole Recombination Dissociative decay1 probability 0.15
-- Branching ratio: H2O Electron Hole Recombination Dissociative decay2 probability 0.55
-- Branching ratio: H2O Electron Hole Recombination Dissociative decay3 probability 0
-- Branching ratio: H2O Electron Hole Recombination Dissociative decay4 probability 0.3
Solvation model selected: 11003
   1. Ritchie.
   2. Terrisol.
   3. Meesungnoen.
   4. Kreipl.
   5. Meesugnoen solid.
-- Diffusion coefficient for molecule: H used the value 7e-09 (m2/s) 
-- Diffusion coefficient for molecule: H2 used the value 4.8e-09 (m2/s) 
-- Diffusion coefficient for molecule: H2O2 used the value 2.3e-09 (m2/s) 
-- Diffusion coefficient for molecule: H3Op used the value 9.46e-09 (m2/s) 
-- Diffusion coefficient for molecule: OH used the value 2.2e-09 (m2/s) 
-- Diffusion coefficient for molecule: OHm used the value 5.3e-09 (m2/s) 
-- Diffusion coefficient for molecule: Product used the value 0 (m2/s) 
-- Diffusion coefficient for molecule: e_aq used the value 4.9e-09 (m2/s) 

### TsEmDNAPhysics Construct Processes 
Ts Rudd ionisation model is constructed 
 Re-set reaction kobs to : 1.56e+10/M/s
 Re-set reaction kobs to : 9e+07/M/s
 Re-set reaction kobs to : 1.43e+11/M/s
 Re-set reaction kobs to : 1.55e+10/M/s
 Re-set reaction kobs to : 5.5e+09/M/s
 Re-set reaction kobs to : 2.5e+10/M/s
 Re-set reaction kobs to : 1.1e+10/M/s
 Re-set reaction kobs to : 2.3e+10/M/s
 Re-set reaction kobs to : 3e+10/M/s
 Re-set reaction kobs to : 1.1e+10/M/s

========================================================================================================================
   TypeMolecules        Products                      Kobs (/M/s) r (nm)        Preact      
========================================================================================================================
 I     H^0     + H^0     -> H_2^0                  1.56e+10    0.294487      1           
 I     e_aq^-1 + H^0     -> OH^-1 + H_2^0          2.5e+10     0.277608      1           

========================================================================================================================
Type   Molecules        Products                      Kobs (/M/s) Kdif (/M/s)     Kact (/M/s)     r (nm)        Preact      alpha (/nm)   
========================================================================================================================
 II    H^0     + H2O2^0  -> OH^0                   9e+07       2.81516e+10     9.02887e+07     0.4           0.00134615  2.50802       
 II    OH^0    + H^0     -> None                   1.55e+10    2.85452e+10     3.39168e+10     0.41          0.329869    5.33703       
 II    OH^0    + OH^0    -> H2O2^0                 5.5e+09     7.32548e+09     2.2071e+10      0.44          0.544815    9.12024       
 II    e_aq^-1 + H2O2^0  -> OH^-1 + OH^0           1.1e+10     3.86858e+10     1.53705e+10     0.71          0.103317    1.96805       
 II    e_aq^-1 + OH^0    -> OH^-1                  3e+10       3.86858e+10     1.33617e+11     0.72          0.497921    6.18599       

========================================================================================================================
Type   Molecules        Products                      Kobs (/M/s) r (nm)        reff (nm)    Preact      
========================================================================================================================
 III   H3O^1   + OH^-1   -> None                   1.43e+11    0.876805         1.28023         1              
 III   e_aq^-1 + e_aq^-1 -> OH^-1 + OH^-1 + H_2^0  1.1e+10     0.581654         0.296644        1              

========================================================================================================================
Type   Molecules        Products                      Kobs (/M/s) Kdif (/M/s)     Kact (/M/s)     r (nm)        reff (nm)    reff1 (nm)    Preact      
========================================================================================================================
 IV    e_aq^-1 + H3O^1   -> H^0                    2.3e+10     1.26196e+11     2.81262e+10     0.75          1.16126      0.211647      0.0409073   

========================================================================================================================
Type   Molecules        Products                      Kobs (/M/s) r (nm)        reff (nm)    Preact      
========================================================================================================================

========================================================================================================================
Type   Molecules        Products                      Scavenging capacity /s
========================================================================================================================
 VI    H^0     + NO3m    -> NO32m                  35000        Single factor 
 VI    H3O^1   + OH^-1   -> None                   14300        Single factor 
 VI    OH^0    + CH3OH   -> CH2OH                  9.7e+08      Single factor 
 VI    e_aq^-1 + H3O^1   -> H^0                    2300         Single factor 
 VI    e_aq^-1 + NO3m    -> NO32m                  2.425e+08    Single factor 


 -------------- TOPAS IRT Warning -------------
 -- SpinBehavior is ScaledProbability
 ----------------------------------------------

Visualization verbosity changed to quiet (0)
=======================================================================
======                 Electromagnetic Physics Parameters      ========
=======================================================================
LPM effect enabled                                 1
Enable creation and use of sampling tables         0
Apply cuts on all EM processes                     0
Use combined TransportationWithMsc                 Disabled
Use general process                                0
Enable linear polarisation for gamma               0
Enable photoeffect sampling below K-shell          1
Enable sampling of quantum entanglement            0
X-section factor for integral approach             0.8
Min kinetic energy for tables                      100 eV 
Max kinetic energy for tables                      500 MeV
Number of bins per decade of a table               7
Verbose level                                      1
Verbose level for worker thread                    0
Bremsstrahlung energy threshold above which 
  primary e+- is added to the list of secondary    100 TeV
Bremsstrahlung energy threshold above which primary
  muon/hadron is added to the list of secondary    100 TeV
Lowest triplet kinetic energy                      1 MeV
Enable sampling of gamma linear polarisation       0
5D gamma conversion model type                     0
5D gamma conversion model on isolated ion          0
Livermore data directory                           epics_2017
=======================================================================
======                 Ionisation Parameters                   ========
=======================================================================
Step function for e+-                              (0.2, 1 mm)
Step function for muons/hadrons                    (0.2, 0.1 mm)
Step function for light ions                       (0.2, 0.1 mm)
Step function for general ions                     (0.2, 0.1 mm)
Lowest e+e- kinetic energy                         1 keV
Lowest muon/hadron kinetic energy                  1 keV
Use ICRU90 data                                    0
Fluctuations of dE/dx are enabled                  1
Type of fluctuation model for leptons and hadrons  Universal
Use built-in Birks satuaration                     0
Build CSDA range enabled                           0
Use cut as a final range enabled                   0
Enable angular generator interface                 0
Max kinetic energy for CSDA tables                 1 GeV
Max kinetic energy for NIEL computation            0 eV 
Linear loss limit                                  0.01
Read data from file for e+e- pair production by mu 0
=======================================================================
======                 Multiple Scattering Parameters          ========
=======================================================================
Type of msc step limit algorithm for e+-           3
Type of msc step limit algorithm for muons/hadrons 0
Msc lateral displacement for e+- enabled           1
Msc lateral displacement for muons and hadrons     0
Urban msc model lateral displacement alg96         1
Range factor for msc step limit for e+-            0.04
Range factor for msc step limit for muons/hadrons  0.2
Geometry factor for msc step limitation of e+-     2.5
Safety factor for msc step limit for e+-           0.6
Skin parameter for msc step limitation of e+-      1
Lambda limit for msc step limit for e+-            1 mm
Use Mott correction for e- scattering              0
Factor used for dynamic computation of angular 
  limit between single and multiple scattering     1
Fixed angular limit between single 
  and multiple scattering                          3.1416 rad
Upper energy limit for e+- multiple scattering     100 MeV
Type of electron single scattering model           0
Type of nuclear form-factor                        1
Screening factor                                   1
=======================================================================
======                 Atomic Deexcitation Parameters          ========
=======================================================================
Fluorescence enabled                               1
Directory in G4LEDATA for fluorescence data files  fluor
Auger electron cascade enabled                     1
PIXE atomic de-excitation enabled                  0
De-excitation module ignores cuts                  1
Type of PIXE cross section for hadrons             Empirical
Type of PIXE cross section for e+-                 Livermore
=======================================================================
======                 DNA Physics Parameters                  ========
=======================================================================
Use fast sampling in DNA models                    0
Use Stationary option in DNA models                0
Use DNA with multiple scattering of e-             0
Use DNA e- solvation model type                    11003
=======================================================================

### ===  Deexcitation model UAtomDeexcitation is activated for 1 region:
          DefaultRegionForTheWorld  1  1  0
### ===  Auger flag: 1
### ===  Ignore cuts flag:   1
TsDNAELSEPAElasticModel: high energy limit decreased from 500 MeV to 1 MeV
Rudd ionisation model is initialized 
Energy range: 0 eV - 1e+06 keV for proton

phot:  for gamma SubType=12 BuildTable=0
      LambdaPrime table from 200 keV to 500 MeV in 25 bins 
      ===== EM models for the G4Region  DefaultRegionForTheWorld ======
 LivermorePhElectric : Emin=    0 eV  Emax=  500 MeV  SauterGavrila Fluo

compt:  for gamma SubType=13 BuildTable=1
      Lambda table from 100 eV  to 1 MeV, 7 bins/decade, spline: 1
      LambdaPrime table from 1 MeV to 500 MeV in 20 bins 
      ===== EM models for the G4Region  DefaultRegionForTheWorld ======
    LivermoreCompton : Emin=    0 eV  Emax=  500 MeV Fluo

conv:  for gamma SubType=14 BuildTable=1
      Lambda table from 1.022 MeV to 500 MeV, 33 bins/decade, spline: 1
      ===== EM models for the G4Region  DefaultRegionForTheWorld ======
 LivermoreConversion : Emin=    0 eV  Emax=  500 MeV  ModifiedTsai

Rayl:  for gamma SubType=11 BuildTable=1
      Lambda table from 100 eV  to 150 keV, 7 bins/decade, spline: 0
      LambdaPrime table from 150 keV to 500 MeV in 26 bins 
      ===== EM models for the G4Region  DefaultRegionForTheWorld ======
   LivermoreRayleigh : Emin=    0 eV  Emax=  500 MeV  CullenGenerator

e-_G4DNAElastic:  for e- SubType=51 BuildTable=0
      ===== EM models for the G4Region  DefaultRegionForTheWorld ======
DNAELSEPAElasticModel : Emin=    0 eV  Emax=  500 MeV

e-_G4DNAExcitation:  for e- SubType=52 BuildTable=0
      ===== EM models for the G4Region  DefaultRegionForTheWorld ======
DNABornExcitationModel : Emin=    0 eV  Emax=    1 MeV

e-_G4DNAIonisation:  for e- SubType=53 BuildTable=0
      ===== EM models for the G4Region  DefaultRegionForTheWorld ======
DNABornIonisationModel : Emin=    0 eV  Emax=    1 MeV  deltaBorn Fluo

e-_G4DNAElectronSolvation:  for e- SubType=58 BuildTable=0
      ===== EM models for the G4Region  DefaultRegionForTheWorld ======
DNAOneStepThermalizationModel_Meesungnoen2002 : Emin=    0 eV  Emax=   10 eV 

e-_G4DNAVibExcitation:  for e- SubType=54 BuildTable=0
      ===== EM models for the G4Region  DefaultRegionForTheWorld ======
DNASancheExcitationModel : Emin=    0 eV  Emax=  100 eV 

e-_G4DNAAttachment:  for e- SubType=55 BuildTable=0
      ===== EM models for the G4Region  DefaultRegionForTheWorld ======
DNAMeltonAttachmentModel : Emin=    0 eV  Emax=   13 eV 

msc:  for e+  SubType= 10
      ===== EM models for the G4Region  DefaultRegionForTheWorld ======
            UrbanMsc : Emin=    0 eV  Emax=  500 MeV Nbins=49 100 eV  - 500 MeV
          StepLim=DistanceToBoundary Rfact=0.04 Gfact=2.5 Sfact=0.6 DispFlag:1 Skin=1 Llim=1 mm

eIoni:  for e+  XStype:3  SubType=2
      dE/dx and range tables from 100 eV  to 500 MeV in 49 bins
      Lambda tables from threshold to 500 MeV, 7 bins/decade, spline: 1
      StepFunction=(0.2, 1 mm), integ: 3, fluct: 1, linLossLim= 0.01
      ===== EM models for the G4Region  DefaultRegionForTheWorld ======
        MollerBhabha : Emin=    0 eV  Emax=  500 MeV
G4WT159 > Begin processing for Run: 0, History: 0
G4WT255 > Begin processing for Run: 0, History: 2000
G4WT255 > Begin processing for Run: 0, History: 3000
G4WT255 > Begin processing for Run: 0, History: 4000
G4WT255 > Begin processing for Run: 0, History: 5000
G4WT255 > Begin processing for Run: 0, History: 6000
G4WT255 > Begin processing for Run: 0, History: 7000
G4WT255 > Begin processing for Run: 0, History: 8000
G4WT255 > Begin processing for Run: 0, History: 9000
G4WT150 > Begin processing for Run: 0, History: 1000

TOPAS run sequence complete.
Particle source Demo: Total number of histories: 10000
######### Averaged IRT-execution-time per history (859 histories): 50.3665 s +/- 27.9576 s 

Elapsed times:
Parameter Reading : User=0.000000s Real=0.006964s Sys=0.000000s [Cpu=0.0%]
    Initialization: User=0.020000s Real=0.043911s Sys=0.010000s [Cpu=68.3%]
         Execution: User=870.700000s Real=75.485303s Sys=521.060000s [Cpu=1843.7%]
      Finalization: User=0.020000s Real=1.919755s Sys=0.090000s [Cpu=5.7%]
             Total: User=870.74s Real=77.4559s Sys=521.16s

Welcome to TOPAS, Tool for Particle Simulation (Version 4.0)
Loading parameters starting from: run1.txt

Geant4 Data directory has been specified by the
TOPAS_G4_DATA_DIR environment variable as /wynton/home/ramos-mendez/tmasilela/software/GEANT4/G4DATA

**************************************************************
 Geant4 version Name: geant4-11-01-patch-03 [MT]   (10-November-2023)
  << in Multi-threaded mode >> 
                       Copyright : Geant4 Collaboration
                      References : NIM A 506 (2003), 250-303
                                 : IEEE-TNS 53 (2006), 270-278
                                 : NIM A 835 (2016), 186-225
                             WWW : http://geant4.org/
**************************************************************

TOPAS is in MT mode, setting number of threads to: 256

TOPAS set the tolerances based on the World size to:
      Surface tolerance = 10 nm, and radial tolerance = 10 nm.
Checking overlaps for volume sWorld:0 (G4Box) ... OK! 

Checking for Unused Components.
These are Components that were never built even though they were at least
partially defined in some parameters. This is not necessarily an error.
It may be an intentional choice to have these Component definitions handy for later use.
To turn off this check, set Ge/CheckForUnusedComponents to False
  No unused components were found.

Default
-- Set scavenging capacity for molecule H3Op of 14300 /s 
-- Set scavenging capacity for molecule e_aq of 2300 /s 
-- Branching ratio: All ionization states probability 1
-- Branching ratio: A1B1 Dissociative decay probability 0.65
-- Branching ratio: A1B1 Relaxation probability 0.35
-- Branching ratio: B1A1 Relaxation probability 0.3
-- Branching ratio: B1A1 Dissociative decay probability 0.15
-- Branching ratio: B1A1 Auto-ionization probability 0.55
-- Branching ratio: B1A1 Auto-ionization probability 0
-- Branching ratio: B1A1 Dissociative decay2 probability 0
-- Branching ratio: Rydberg states and diffuse bands auto-ionization probability 0.5
-- Branching ratio: Rydberg states and diffuse bands relaxation probability 0.5
-- Branching ratio: dissociative attachment probability 1
-- Branching ratio: H2O Electron Hole Recombination Dissociative decay1 probability 0.15
-- Branching ratio: H2O Electron Hole Recombination Dissociative decay2 probability 0.55
-- Branching ratio: H2O Electron Hole Recombination Dissociative decay3 probability 0
-- Branching ratio: H2O Electron Hole Recombination Dissociative decay4 probability 0.3
Solvation model selected: 11003
   1. Ritchie.
   2. Terrisol.
   3. Meesungnoen.
   4. Kreipl.
   5. Meesugnoen solid.
-- Diffusion coefficient for molecule: H used the value 7e-09 (m2/s) 
-- Diffusion coefficient for molecule: H2 used the value 4.8e-09 (m2/s) 
-- Diffusion coefficient for molecule: H2O2 used the value 2.3e-09 (m2/s) 
-- Diffusion coefficient for molecule: H3Op used the value 9.46e-09 (m2/s) 
-- Diffusion coefficient for molecule: OH used the value 2.2e-09 (m2/s) 
-- Diffusion coefficient for molecule: OHm used the value 5.3e-09 (m2/s) 
-- Diffusion coefficient for molecule: Product used the value 0 (m2/s) 
-- Diffusion coefficient for molecule: e_aq used the value 4.9e-09 (m2/s) 

### TsEmDNAPhysics Construct Processes 
Ts Rudd ionisation model is constructed 
 Re-set reaction kobs to : 1.56e+10/M/s
 Re-set reaction kobs to : 9e+07/M/s
 Re-set reaction kobs to : 1.43e+11/M/s
 Re-set reaction kobs to : 1.55e+10/M/s
 Re-set reaction kobs to : 5.5e+09/M/s
 Re-set reaction kobs to : 2.5e+10/M/s
 Re-set reaction kobs to : 1.1e+10/M/s
 Re-set reaction kobs to : 2.3e+10/M/s
 Re-set reaction kobs to : 3e+10/M/s
 Re-set reaction kobs to : 1.1e+10/M/s

========================================================================================================================
   TypeMolecules        Products                      Kobs (/M/s) r (nm)        Preact      
========================================================================================================================
 I     H^0     + H^0     -> H_2^0                  1.56e+10    0.294487      1           
 I     e_aq^-1 + H^0     -> OH^-1 + H_2^0          2.5e+10     0.277608      1           

========================================================================================================================
Type   Molecules        Products                      Kobs (/M/s) Kdif (/M/s)     Kact (/M/s)     r (nm)        Preact      alpha (/nm)   
========================================================================================================================
 II    H^0     + H2O2^0  -> OH^0                   9e+07       2.81516e+10     9.02887e+07     0.4           0.00134615  2.50802       
 II    OH^0    + H^0     -> None                   1.55e+10    2.85452e+10     3.39168e+10     0.41          0.329869    5.33703       
 II    OH^0    + OH^0    -> H2O2^0                 5.5e+09     7.32548e+09     2.2071e+10      0.44          0.544815    9.12024       
 II    e_aq^-1 + H2O2^0  -> OH^-1 + OH^0           1.1e+10     3.86858e+10     1.53705e+10     0.71          0.103317    1.96805       
 II    e_aq^-1 + OH^0    -> OH^-1                  3e+10       3.86858e+10     1.33617e+11     0.72          0.497921    6.18599       

========================================================================================================================
Type   Molecules        Products                      Kobs (/M/s) r (nm)        reff (nm)    Preact      
========================================================================================================================
 III   H3O^1   + OH^-1   -> None                   1.43e+11    0.876805         1.28023         1              
 III   e_aq^-1 + e_aq^-1 -> OH^-1 + OH^-1 + H_2^0  1.1e+10     0.581654         0.296644        1              

========================================================================================================================
Type   Molecules        Products                      Kobs (/M/s) Kdif (/M/s)     Kact (/M/s)     r (nm)        reff (nm)    reff1 (nm)    Preact      
========================================================================================================================
 IV    e_aq^-1 + H3O^1   -> H^0                    2.3e+10     1.26196e+11     2.81262e+10     0.75          1.16126      0.211647      0.0409073   

========================================================================================================================
Type   Molecules        Products                      Kobs (/M/s) r (nm)        reff (nm)    Preact      
========================================================================================================================

========================================================================================================================
Type   Molecules        Products                      Scavenging capacity /s
========================================================================================================================
 VI    H^0     + NO3m    -> NO32m                  35000        Single factor 
 VI    H3O^1   + OH^-1   -> None                   14300        Single factor 
 VI    OH^0    + CH3OH   -> CH2OH                  9.7e+09      Single factor 
 VI    e_aq^-1 + H3O^1   -> H^0                    2300         Single factor 
 VI    e_aq^-1 + NO3m    -> NO32m                  2.425e+08    Single factor 


 -------------- TOPAS IRT Warning -------------
 -- SpinBehavior is ScaledProbability
 ----------------------------------------------

Visualization verbosity changed to quiet (0)
=======================================================================
======                 Electromagnetic Physics Parameters      ========
=======================================================================
LPM effect enabled                                 1
Enable creation and use of sampling tables         0
Apply cuts on all EM processes                     0
Use combined TransportationWithMsc                 Disabled
Use general process                                0
Enable linear polarisation for gamma               0
Enable photoeffect sampling below K-shell          1
Enable sampling of quantum entanglement            0
X-section factor for integral approach             0.8
Min kinetic energy for tables                      100 eV 
Max kinetic energy for tables                      500 MeV
Number of bins per decade of a table               7
Verbose level                                      1
Verbose level for worker thread                    0
Bremsstrahlung energy threshold above which 
  primary e+- is added to the list of secondary    100 TeV
Bremsstrahlung energy threshold above which primary
  muon/hadron is added to the list of secondary    100 TeV
Lowest triplet kinetic energy                      1 MeV
Enable sampling of gamma linear polarisation       0
5D gamma conversion model type                     0
5D gamma conversion model on isolated ion          0
Livermore data directory                           epics_2017
=======================================================================
======                 Ionisation Parameters                   ========
=======================================================================
Step function for e+-                              (0.2, 1 mm)
Step function for muons/hadrons                    (0.2, 0.1 mm)
Step function for light ions                       (0.2, 0.1 mm)
Step function for general ions                     (0.2, 0.1 mm)
Lowest e+e- kinetic energy                         1 keV
Lowest muon/hadron kinetic energy                  1 keV
Use ICRU90 data                                    0
Fluctuations of dE/dx are enabled                  1
Type of fluctuation model for leptons and hadrons  Universal
Use built-in Birks satuaration                     0
Build CSDA range enabled                           0
Use cut as a final range enabled                   0
Enable angular generator interface                 0
Max kinetic energy for CSDA tables                 1 GeV
Max kinetic energy for NIEL computation            0 eV 
Linear loss limit                                  0.01
Read data from file for e+e- pair production by mu 0
=======================================================================
======                 Multiple Scattering Parameters          ========
=======================================================================
Type of msc step limit algorithm for e+-           3
Type of msc step limit algorithm for muons/hadrons 0
Msc lateral displacement for e+- enabled           1
Msc lateral displacement for muons and hadrons     0
Urban msc model lateral displacement alg96         1
Range factor for msc step limit for e+-            0.04
Range factor for msc step limit for muons/hadrons  0.2
Geometry factor for msc step limitation of e+-     2.5
Safety factor for msc step limit for e+-           0.6
Skin parameter for msc step limitation of e+-      1
Lambda limit for msc step limit for e+-            1 mm
Use Mott correction for e- scattering              0
Factor used for dynamic computation of angular 
  limit between single and multiple scattering     1
Fixed angular limit between single 
  and multiple scattering                          3.1416 rad
Upper energy limit for e+- multiple scattering     100 MeV
Type of electron single scattering model           0
Type of nuclear form-factor                        1
Screening factor                                   1
=======================================================================
======                 Atomic Deexcitation Parameters          ========
=======================================================================
Fluorescence enabled                               1
Directory in G4LEDATA for fluorescence data files  fluor
Auger electron cascade enabled                     1
PIXE atomic de-excitation enabled                  0
De-excitation module ignores cuts                  1
Type of PIXE cross section for hadrons             Empirical
Type of PIXE cross section for e+-                 Livermore
=======================================================================
======                 DNA Physics Parameters                  ========
=======================================================================
Use fast sampling in DNA models                    0
Use Stationary option in DNA models                0
Use DNA with multiple scattering of e-             0
Use DNA e- solvation model type                    11003
=======================================================================

### ===  Deexcitation model UAtomDeexcitation is activated for 1 region:
          DefaultRegionForTheWorld  1  1  0
### ===  Auger flag: 1
### ===  Ignore cuts flag:   1
TsDNAELSEPAElasticModel: high energy limit decreased from 500 MeV to 1 MeV
Rudd ionisation model is initialized 
Energy range: 0 eV - 1e+06 keV for proton

phot:  for gamma SubType=12 BuildTable=0
      LambdaPrime table from 200 keV to 500 MeV in 25 bins 
      ===== EM models for the G4Region  DefaultRegionForTheWorld ======
 LivermorePhElectric : Emin=    0 eV  Emax=  500 MeV  SauterGavrila Fluo

compt:  for gamma SubType=13 BuildTable=1
      Lambda table from 100 eV  to 1 MeV, 7 bins/decade, spline: 1
      LambdaPrime table from 1 MeV to 500 MeV in 20 bins 
      ===== EM models for the G4Region  DefaultRegionForTheWorld ======
    LivermoreCompton : Emin=    0 eV  Emax=  500 MeV Fluo

conv:  for gamma SubType=14 BuildTable=1
      Lambda table from 1.022 MeV to 500 MeV, 33 bins/decade, spline: 1
      ===== EM models for the G4Region  DefaultRegionForTheWorld ======
 LivermoreConversion : Emin=    0 eV  Emax=  500 MeV  ModifiedTsai

Rayl:  for gamma SubType=11 BuildTable=1
      Lambda table from 100 eV  to 150 keV, 7 bins/decade, spline: 0
      LambdaPrime table from 150 keV to 500 MeV in 26 bins 
      ===== EM models for the G4Region  DefaultRegionForTheWorld ======
   LivermoreRayleigh : Emin=    0 eV  Emax=  500 MeV  CullenGenerator

e-_G4DNAElastic:  for e- SubType=51 BuildTable=0
      ===== EM models for the G4Region  DefaultRegionForTheWorld ======
DNAELSEPAElasticModel : Emin=    0 eV  Emax=  500 MeV

e-_G4DNAExcitation:  for e- SubType=52 BuildTable=0
      ===== EM models for the G4Region  DefaultRegionForTheWorld ======
DNABornExcitationModel : Emin=    0 eV  Emax=    1 MeV

e-_G4DNAIonisation:  for e- SubType=53 BuildTable=0
      ===== EM models for the G4Region  DefaultRegionForTheWorld ======
DNABornIonisationModel : Emin=    0 eV  Emax=    1 MeV  deltaBorn Fluo

e-_G4DNAElectronSolvation:  for e- SubType=58 BuildTable=0
      ===== EM models for the G4Region  DefaultRegionForTheWorld ======
DNAOneStepThermalizationModel_Meesungnoen2002 : Emin=    0 eV  Emax=   10 eV 

e-_G4DNAVibExcitation:  for e- SubType=54 BuildTable=0
      ===== EM models for the G4Region  DefaultRegionForTheWorld ======
DNASancheExcitationModel : Emin=    0 eV  Emax=  100 eV 

e-_G4DNAAttachment:  for e- SubType=55 BuildTable=0
      ===== EM models for the G4Region  DefaultRegionForTheWorld ======
DNAMeltonAttachmentModel : Emin=    0 eV  Emax=   13 eV 

msc:  for e+  SubType= 10
      ===== EM models for the G4Region  DefaultRegionForTheWorld ======
            UrbanMsc : Emin=    0 eV  Emax=  500 MeV Nbins=49 100 eV  - 500 MeV
          StepLim=DistanceToBoundary Rfact=0.04 Gfact=2.5 Sfact=0.6 DispFlag:1 Skin=1 Llim=1 mm

eIoni:  for e+  XStype:3  SubType=2
      dE/dx and range tables from 100 eV  to 500 MeV in 49 bins
      Lambda tables from threshold to 500 MeV, 7 bins/decade, spline: 1
      StepFunction=(0.2, 1 mm), integ: 3, fluct: 1, linLossLim= 0.01
      ===== EM models for the G4Region  DefaultRegionForTheWorld ======
        MollerBhabha : Emin=    0 eV  Emax=  500 MeV
G4WT131 > Begin processing for Run: 0, History: 0
G4WT255 > Begin processing for Run: 0, History: 2000
G4WT255 > Begin processing for Run: 0, History: 3000
G4WT255 > Begin processing for Run: 0, History: 4000
G4WT255 > Begin processing for Run: 0, History: 5000
G4WT255 > Begin processing for Run: 0, History: 6000
G4WT255 > Begin processing for Run: 0, History: 7000
G4WT255 > Begin processing for Run: 0, History: 8000
G4WT255 > Begin processing for Run: 0, History: 9000
G4WT169 > Begin processing for Run: 0, History: 1000

TOPAS run sequence complete.
Particle source Demo: Total number of histories: 10000
######### Averaged IRT-execution-time per history (864 histories): 51.8243 s +/- 24.8616 s 

Elapsed times:
Parameter Reading : User=0.010000s Real=0.008564s Sys=0.000000s [Cpu=116.8%]
    Initialization: User=0.020000s Real=0.048289s Sys=0.010000s [Cpu=62.1%]
         Execution: User=845.330000s Real=72.358028s Sys=429.610000s [Cpu=1762.0%]
      Finalization: User=0.020000s Real=4.951430s Sys=0.160000s [Cpu=3.6%]
             Total: User=845.38s Real=77.3663s Sys=429.78s
