
Welcome to TOPAS, Tool for Particle Simulation (Version 3.9)
Loading parameters starting from: mainTopas.txt

Geant4 Data directory has been specified by the
TOPAS_G4_DATA_DIR environment variable as /wynton/home/ramos-mendez/tmasilela/software/GEANT4/G4DATA

**************************************************************
 Geant4 version Name: geant4-10-07-patch-03 [MT]   (19-November-2021)
  << in Multi-threaded mode >> 
                       Copyright : Geant4 Collaboration
                      References : NIM A 506 (2003), 250-303
                                 : IEEE-TNS 53 (2006), 270-278
                                 : NIM A 835 (2016), 186-225
                             WWW : http://geant4.org/
**************************************************************

TOPAS is in MT mode, setting number of threads to: 256

TOPAS set the tolerances based on the World size to:
      Surface tolerance = 0.001 nm, and radial tolerance = 0.001 nm.
Checking overlaps for volume Target (G4Box) ... OK! 

Checking for Unused Components.
These are Components that were never built even though they were at least
partially defined in some parameters. This is not necessarily an error.
It may be an intentional choice to have these Component definitions handy for later use.
To turn off this check, set Ge/CheckForUnusedComponents to False
  No unused components were found.

Default
-- Branching ratio: All ionization states probability 1
-- Branching ratio: A1B1 Dissociative decay probability 0.65
-- Branching ratio: A1B1 Relaxation probability 0.35
-- Branching ratio: B1A1 Auto-ionization probability 0.55
-- Branching ratio: B1A1 Dissociative decay probability 0.15
-- Branching ratio: B1A1 Relaxation probability 0.3
-- Branching ratio: Rydberg states and diffuse bands auto-ionization probability 0.5
-- Branching ratio: Rydberg states and diffuse bands relaxation probability 0.5
-- Branching ratio: dissociative attachment probability 1
Solvation model selected: 3
   1. Ritchie.
   2. Terrisol.
   3. Meesungnoen.
   4. Kreipl.
   5. Meesugnoen solid.
-- Diffusion coefficient for molecule: H used the value 7e-09 (m2/s) 
-- Diffusion coefficient for molecule: H2 used the value 4.8e-09 (m2/s) 
-- Diffusion coefficient for molecule: H2O2 used the value 2.3e-09 (m2/s) 
-- Diffusion coefficient for molecule: H3Op used the value 9.46e-09 (m2/s) 
-- Diffusion coefficient for molecule: OH used the value 2.2e-09 (m2/s) 
-- Diffusion coefficient for molecule: OHm used the value 5.3e-09 (m2/s) 
-- Diffusion coefficient for molecule: Product used the value 0 (m2/s) 
-- Diffusion coefficient for molecule: e_aq used the value 4.9e-09 (m2/s) 

### TsEmDNAPhysics Construct Processes 
Ts Rudd ionisation model is constructed 
 Re-set reaction kobs to : 1.56e+10/M/s
 Re-set reaction kobs to : 9e+07/M/s
 Re-set reaction kobs to : 1.43e+11/M/s
 Re-set reaction kobs to : 2e+10/M/s
 Re-set reaction kobs to : 5.5e+09/M/s
 Re-set reaction kobs to : 2.5e+10/M/s
 Re-set reaction kobs to : 1.1e+10/M/s
 Re-set reaction kobs to : 2.3e+10/M/s
 Re-set reaction kobs to : 3e+10/M/s
 Re-set reaction kobs to : 1.1e+10/M/s

========================================================================================================================
   TypeMolecules        Products                      Kobs (/M/s) r (nm)    Preact      
========================================================================================================================
========================================================================================================================
Type   Molecules        Products                      Kobs (/M/s) Kdif (/M/s)    Kact (/M/s)    r (nm)    Preact      alpha (/nm)  
========================================================================================================================
========================================================================================================================
Type   Molecules        Products                      Kobs (/M/s) r (nm)    reff (nm) Preact      
========================================================================================================================
========================================================================================================================
Type   Molecules        Products                      Kobs (/M/s) Kdif (/M/s)    Kact (/M/s)    r (nm)    reff (nm) reff1 (nm)Preact      
========================================================================================================================

 -------------- TOPAS IRT Warning -------------
 -- SpinBehavior is ExplicitAssignament
 ----------------------------------------------

Visualization verbosity changed to quiet (0)

### ===  Deexcitation model UAtomDeexcitation is activated for 1 region:
          DefaultRegionForTheWorld  1  1  0
### ===  Auger cascade flag: 1
### ===  Ignore cuts flag:   1
Rudd ionisation model is initialized 
Energy range: 0 eV - 1e+06 keV for proton

phot:  for gamma SubType=12 BuildTable=0
      LambdaPrime table from 200 keV to 500 MeV in 25 bins 
      ===== EM models for the G4Region  DefaultRegionForTheWorld ======
 LivermorePhElectric : Emin=    0 eV  Emax=  500 MeV  SauterGavrila Fluo

compt:  for gamma SubType=13 BuildTable=1
      Lambda table from 100 eV  to 1 MeV, 7 bins/decade, spline: 1
      LambdaPrime table from 1 MeV to 500 MeV in 20 bins 
      ===== EM models for the G4Region  DefaultRegionForTheWorld ======
    LivermoreCompton : Emin=    0 eV  Emax=  500 MeV Fluo

conv:  for gamma SubType=14 BuildTable=1
      Lambda table from 1.022 MeV to 500 MeV, 33 bins/decade, spline: 1
      ===== EM models for the G4Region  DefaultRegionForTheWorld ======
 LivermoreConversion : Emin=    0 eV  Emax=  500 MeV  ModifiedTsai

Rayl:  for gamma SubType=11 BuildTable=1
      Lambda table from 100 eV  to 100 keV, 7 bins/decade, spline: 0
      LambdaPrime table from 100 keV to 500 MeV in 27 bins 
      ===== EM models for the G4Region  DefaultRegionForTheWorld ======
   LivermoreRayleigh : Emin=    0 eV  Emax=  500 MeV  CullenGenerator

e-_G4DNAElastic:  for e- SubType=51 BuildTable=0
      ===== EM models for the G4Region  DefaultRegionForTheWorld ======
DNAELSEPAElasticModel : Emin=    0 eV  Emax=    1 MeV

e-_G4DNAExcitation:  for e- SubType=52 BuildTable=0
      ===== EM models for the G4Region  DefaultRegionForTheWorld ======
DNABornExcitationModel : Emin=    0 eV  Emax=    1 MeV

e-_G4DNAIonisation:  for e- SubType=53 BuildTable=0
      ===== EM models for the G4Region  DefaultRegionForTheWorld ======
DNABornIonisationModel : Emin=    0 eV  Emax=    1 MeV  deltaBorn Fluo

e-_G4DNAElectronSolvation:  for e- SubType=58 BuildTable=0
      ===== EM models for the G4Region  DefaultRegionForTheWorld ======
DNAOneStepThermalizationModel_Meesungnoen2002 : Emin=    0 eV  Emax=   10 eV 

e-_G4DNAVibExcitation:  for e- SubType=54 BuildTable=0
      ===== EM models for the G4Region  DefaultRegionForTheWorld ======
DNASancheExcitationModel : Emin=    0 eV  Emax=  100 eV 

e-_G4DNAAttachment:  for e- SubType=55 BuildTable=0
      ===== EM models for the G4Region  DefaultRegionForTheWorld ======
DNAMeltonAttachmentModel : Emin=    0 eV  Emax=   13 eV 

msc:  for e+  SubType= 10
      ===== EM models for the G4Region  DefaultRegionForTheWorld ======
            UrbanMsc : Emin=    0 eV  Emax=  500 MeV Nbins=49 100 eV  - 500 MeV
              StepLim=DistanceToBoundary Rfact=0.04 Gfact=2.5 Sfact=0.6 DispFlag:1 Skin=1 Llimit=1

eIoni:  for e+  SubType=2
      dE/dx and range tables from 100 eV  to 500 MeV in 49 bins
      Lambda tables from threshold to 500 MeV, 7 bins/decade, spline: 1
      StepFunction=(0.2, 1 mm), integ: 1, fluct: 1, linLossLim= 0.01
      ===== EM models for the G4Region  DefaultRegionForTheWorld ======
        MollerBhabha : Emin=    0 eV  Emax=  500 MeV

eBrem:  for e+  SubType=3
      dE/dx and range tables from 100 eV  to 500 MeV in 49 bins
      Lambda tables from threshold to 500 MeV, 7 bins/decade, spline: 1
      LPM flag: 1 for E > 0.5 GeV,  VertexHighEnergyTh(GeV)= 100000
      ===== EM models for the G4Region  DefaultRegionForTheWorld ======
             eBremSB : Emin=    0 eV  Emax=  500 MeV  ModifiedTsai

annihil:  for e+, integral:1  SubType=5 BuildTable=0
      ===== EM models for the G4Region  DefaultRegionForTheWorld ======
            eplus2gg : Emin=    0 eV  Emax=  500 MeV

proton_G4DNAElastic:  for proton SubType=51 BuildTable=0
      ===== EM models for the G4Region  DefaultRegionForTheWorld ======
  DNAIonElasticModel : Emin=    0 eV  Emax=    1 MeV

proton_G4DNAExcitation:  for proton SubType=52 BuildTable=0
      ===== EM models for the G4Region  DefaultRegionForTheWorld ======
DNAMillerGreenExcitationModel : Emin=    0 eV  Emax=  500 keV
DNABornExcitationModel : Emin=  500 keV Emax=  100 MeV

proton_G4DNAIonisation:  for proton SubType=53 BuildTable=0
      ===== EM models for the G4Region  DefaultRegionForTheWorld ======
DNARuddIonisationExtendedModel : Emin=    0 eV  Emax=  500 keV  deltaRudd Fluo
DNABornIonisationModel : Emin=  500 keV Emax=  100 MeV  deltaBorn Fluo
DNARuddIonisationExtendedModel : Emin=  100 MeV Emax=  500 MeV  deltaRudd Fluo

proton_G4DNAChargeDecrease:  for proton SubType=56 BuildTable=0
      ===== EM models for the G4Region  DefaultRegionForTheWorld ======
DNADingfelderChargeDecreaseModel : Emin=    0 eV  Emax=  100 MeV

GenericIon_G4DNAIonisation:  for GenericIon SubType=53 BuildTable=0
      ===== EM models for the G4Region  DefaultRegionForTheWorld ======
DNARuddIonisationExtendedModel : Emin=    0 eV  Emax=  500 MeV  deltaRudd Fluo

alpha_G4DNAElastic:  for alpha SubType=51 BuildTable=0
      ===== EM models for the G4Region  DefaultRegionForTheWorld ======
  DNAIonElasticModel : Emin=    0 eV  Emax=    1 MeV

alpha_G4DNAExcitation:  for alpha SubType=52 BuildTable=0
      ===== EM models for the G4Region  DefaultRegionForTheWorld ======
DNAMillerGreenExcitationModel : Emin=    0 eV  Emax=  400 MeV

alpha_G4DNAIonisation:  for alpha SubType=53 BuildTable=0
      ===== EM models for the G4Region  DefaultRegionForTheWorld ======
DNARuddIonisationExtendedModel : Emin=    0 eV  Emax=  500 MeV  deltaRudd Fluo

alpha_G4DNAChargeDecrease:  for alpha SubType=56 BuildTable=0
      ===== EM models for the G4Region  DefaultRegionForTheWorld ======
DNADingfelderChargeDecreaseModel : Emin=    0 eV  Emax=  400 MeV

alpha+_G4DNAElastic:  for alpha+ SubType=51 BuildTable=0
      ===== EM models for the G4Region  DefaultRegionForTheWorld ======
  DNAIonElasticModel : Emin=    0 eV  Emax=    1 MeV

alpha+_G4DNAExcitation:  for alpha+ SubType=52 BuildTable=0
      ===== EM models for the G4Region  DefaultRegionForTheWorld ======
DNAMillerGreenExcitationModel : Emin=    0 eV  Emax=  400 MeV

alpha+_G4DNAIonisation:  for alpha+ SubType=53 BuildTable=0
      ===== EM models for the G4Region  DefaultRegionForTheWorld ======
DNARuddIonisationExtendedModel : Emin=    0 eV  Emax=  500 MeV  deltaRudd Fluo

alpha+_G4DNAChargeDecrease:  for alpha+ SubType=56 BuildTable=0
      ===== EM models for the G4Region  DefaultRegionForTheWorld ======
DNADingfelderChargeDecreaseModel : Emin=    0 eV  Emax=  400 MeV

alpha+_G4DNAChargeIncrease:  for alpha+ SubType=57 BuildTable=0
      ===== EM models for the G4Region  DefaultRegionForTheWorld ======
DNADingfelderChargeIncreaseModel : Emin=    0 eV  Emax=  400 MeV

helium_G4DNAElastic:  for helium SubType=51 BuildTable=0
      ===== EM models for the G4Region  DefaultRegionForTheWorld ======
  DNAIonElasticModel : Emin=    0 eV  Emax=    1 MeV

helium_G4DNAExcitation:  for helium SubType=52 BuildTable=0
      ===== EM models for the G4Region  DefaultRegionForTheWorld ======
DNAMillerGreenExcitationModel : Emin=    0 eV  Emax=  400 MeV

helium_G4DNAIonisation:  for helium SubType=53 BuildTable=0
      ===== EM models for the G4Region  DefaultRegionForTheWorld ======
DNARuddIonisationExtendedModel : Emin=    0 eV  Emax=  500 MeV  deltaRudd Fluo

helium_G4DNAChargeIncrease:  for helium SubType=57 BuildTable=0
      ===== EM models for the G4Region  DefaultRegionForTheWorld ======
DNADingfelderChargeIncreaseModel : Emin=    0 eV  Emax=  400 MeV

hydrogen_G4DNAElastic:  for hydrogen SubType=51 BuildTable=0
      ===== EM models for the G4Region  DefaultRegionForTheWorld ======
  DNAIonElasticModel : Emin=    0 eV  Emax=    1 MeV

hydrogen_G4DNAExcitation:  for hydrogen SubType=52 BuildTable=0
      ===== EM models for the G4Region  DefaultRegionForTheWorld ======
DNAMillerGreenExcitationModel : Emin=    0 eV  Emax=  500 keV

hydrogen_G4DNAIonisation:  for hydrogen SubType=53 BuildTable=0
      ===== EM models for the G4Region  DefaultRegionForTheWorld ======
DNARuddIonisationExtendedModel : Emin=    0 eV  Emax=  500 MeV  deltaRudd Fluo

hydrogen_G4DNAChargeIncrease:  for hydrogen SubType=57 BuildTable=0
      ===== EM models for the G4Region  DefaultRegionForTheWorld ======
DNADingfelderChargeIncreaseModel : Emin=    0 eV  Emax=  100 MeV

=======================================================================
--> G4MTRunManager::CreateAndStartWorkers() --> Initializing workers...
=======================================================================

G4WT134 > Begin processing for Run: 0, History: 0
G4WT180 > Begin processing for Run: 0, History: 100
G4WT148 > Begin processing for Run: 0, History: 200
G4WT107 > Begin processing for Run: 0, History: 300
G4WT18 > Begin processing for Run: 0, History: 400
G4WT191 > Begin processing for Run: 0, History: 500
G4WT223 > Begin processing for Run: 0, History: 600
G4WT23 > Begin processing for Run: 0, History: 700
G4WT5 > Begin processing for Run: 0, History: 800
G4WT127 > Begin processing for Run: 0, History: 900
G4WT65 > Begin processing for Run: 0, History: 1000
G4WT238 > Begin processing for Run: 0, History: 850
G4WT30 > Begin processing for Run: 0, History: 1100
G4WT130 > Begin processing for Run: 0, History: 450
G4WT255 > Begin processing for Run: 0, History: 1150
G4WT255 > Begin processing for Run: 0, History: 1200
G4WT255 > Begin processing for Run: 0, History: 1250
G4WT255 > Begin processing for Run: 0, History: 1300
G4WT255 > Begin processing for Run: 0, History: 1350
G4WT255 > Begin processing for Run: 0, History: 1400
G4WT255 > Begin processing for Run: 0, History: 1450
G4WT255 > Begin processing for Run: 0, History: 1500
G4WT255 > Begin processing for Run: 0, History: 1550
G4WT255 > Begin processing for Run: 0, History: 1600
G4WT255 > Begin processing for Run: 0, History: 1650
G4WT255 > Begin processing for Run: 0, History: 1700
G4WT255 > Begin processing for Run: 0, History: 1750
G4WT255 > Begin processing for Run: 0, History: 1800
G4WT156 > Begin processing for Run: 0, History: 50
G4WT255 > Begin processing for Run: 0, History: 1850
G4WT255 > Begin processing for Run: 0, History: 1900
G4WT255 > Begin processing for Run: 0, History: 1950
G4WT255 > Begin processing for Run: 0, History: 2000
G4WT255 > Begin processing for Run: 0, History: 2050
G4WT255 > Begin processing for Run: 0, History: 2100
G4WT255 > Begin processing for Run: 0, History: 2150
G4WT255 > Begin processing for Run: 0, History: 2200
G4WT255 > Begin processing for Run: 0, History: 2250
G4WT255 > Begin processing for Run: 0, History: 2300
G4WT255 > Begin processing for Run: 0, History: 2350
G4WT255 > Begin processing for Run: 0, History: 2400
G4WT255 > Begin processing for Run: 0, History: 2450
G4WT255 > Begin processing for Run: 0, History: 2500
G4WT255 > Begin processing for Run: 0, History: 2550
G4WT255 > Begin processing for Run: 0, History: 2600
G4WT255 > Begin processing for Run: 0, History: 2650
G4WT255 > Begin processing for Run: 0, History: 2700
G4WT255 > Begin processing for Run: 0, History: 2750
G4WT255 > Begin processing for Run: 0, History: 2800
G4WT255 > Begin processing for Run: 0, History: 2850
G4WT255 > Begin processing for Run: 0, History: 2900
G4WT255 > Begin processing for Run: 0, History: 2950
G4WT255 > Begin processing for Run: 0, History: 3000
G4WT255 > Begin processing for Run: 0, History: 3050
G4WT255 > Begin processing for Run: 0, History: 3100
G4WT255 > Begin processing for Run: 0, History: 3150
G4WT255 > Begin processing for Run: 0, History: 3200
G4WT255 > Begin processing for Run: 0, History: 3250
G4WT255 > Begin processing for Run: 0, History: 3300
G4WT255 > Begin processing for Run: 0, History: 3350
G4WT255 > Begin processing for Run: 0, History: 3400
G4WT255 > Begin processing for Run: 0, History: 3450
G4WT255 > Begin processing for Run: 0, History: 3500
G4WT255 > Begin processing for Run: 0, History: 3550
G4WT255 > Begin processing for Run: 0, History: 3600
G4WT255 > Begin processing for Run: 0, History: 3650
G4WT255 > Begin processing for Run: 0, History: 3700
G4WT255 > Begin processing for Run: 0, History: 3750
G4WT255 > Begin processing for Run: 0, History: 3800
G4WT255 > Begin processing for Run: 0, History: 3850
G4WT255 > Begin processing for Run: 0, History: 3900
G4WT255 > Begin processing for Run: 0, History: 3950
G4WT255 > Begin processing for Run: 0, History: 4000
G4WT255 > Begin processing for Run: 0, History: 4050
G4WT255 > Begin processing for Run: 0, History: 4100
G4WT255 > Begin processing for Run: 0, History: 4150
G4WT255 > Begin processing for Run: 0, History: 4200
G4WT255 > Begin processing for Run: 0, History: 4250
G4WT255 > Begin processing for Run: 0, History: 4300
G4WT255 > Begin processing for Run: 0, History: 4350
G4WT255 > Begin processing for Run: 0, History: 4400
G4WT255 > Begin processing for Run: 0, History: 4450
G4WT255 > Begin processing for Run: 0, History: 4500
G4WT255 > Begin processing for Run: 0, History: 4550
G4WT255 > Begin processing for Run: 0, History: 4600
G4WT255 > Begin processing for Run: 0, History: 4650
G4WT255 > Begin processing for Run: 0, History: 4700
G4WT255 > Begin processing for Run: 0, History: 4750
G4WT255 > Begin processing for Run: 0, History: 4800
G4WT255 > Begin processing for Run: 0, History: 4850
G4WT255 > Begin processing for Run: 0, History: 4900
G4WT255 > Begin processing for Run: 0, History: 4950
G4WT81 > Begin processing for Run: 0, History: 750
G4WT35 > Begin processing for Run: 0, History: 550
G4WT46 > Begin processing for Run: 0, History: 1050
G4WT87 > Begin processing for Run: 0, History: 950
G4WT33 > Begin processing for Run: 0, History: 350
G4WT68 > Begin processing for Run: 0, History: 150
G4WT41 > Begin processing for Run: 0, History: 250
G4WT146 > Begin processing for Run: 0, History: 650

TOPAS run sequence complete.
Particle source Demo: Total number of histories: 5000
######### Averaged IRT-execution-time per history (189 histories): 3.05746 s +/- 2.99793 s 

Elapsed times:
Parameter Reading : User=0.010000s Real=0.006319s Sys=0.000000s [Cpu=158.2%]
    Initialization: User=0.020000s Real=0.033407s Sys=0.010000s [Cpu=89.8%]
         Execution: User=1281.340000s Real=67.168431s Sys=582.310000s [Cpu=2774.6%]
      Finalization: User=0.000000s Real=0.824629s Sys=0.080000s [Cpu=9.7%]
             Total: User=1281.37s Real=68.0328s Sys=582.4s
